{"/home/kaik/Documentos/www/tny/tny-backend/src/use-cases/categories/create-category.ts": {"path":"/home/kaik/Documentos/www/tny/tny-backend/src/use-cases/categories/create-category.ts","statementMap":{"0":{"start":{"line":14,"column":22},"end":{"line":14,"column":66}},"1":{"start":{"line":20,"column":21},"end":{"line":23,"column":null}},"2":{"start":{"line":25,"column":4},"end":{"line":25,"column":null}}},"fnMap":{"0":{"name":"constructor","decl":{"start":{"line":14,"column":2},"end":{"line":14,"column":14}},"loc":{"start":{"line":14,"column":66},"end":{"line":14,"column":null}},"line":14},"1":{"name":"execute","decl":{"start":{"line":16,"column":8},"end":{"line":16,"column":16}},"loc":{"start":{"line":19,"column":75},"end":{"line":26,"column":null}},"line":19}},"branchMap":{"0":{"loc":{"start":{"line":22,"column":19},"end":{"line":22,"column":null}},"type":"binary-expr","locations":[{"start":{"line":22,"column":19},"end":{"line":22,"column":34}},{"start":{"line":22,"column":34},"end":{"line":22,"column":null}}],"line":22}},"s":{"0":3,"1":3,"2":3},"f":{"0":3,"1":3},"b":{"0":[3,1]},"meta":{"lastBranch":1,"lastFunction":2,"lastStatement":3,"seen":{"f:14:2:14:14":0,"s:14:22:14:66":0,"f:16:8:16:16":1,"s:20:21:23:Infinity":1,"b:22:19:22:34:22:34:22:Infinity":0,"s:25:4:25:Infinity":2},"fnNames":{}}}
,"/home/kaik/Documentos/www/tny/tny-backend/src/use-cases/categories/delete-category.ts": {"path":"/home/kaik/Documentos/www/tny/tny-backend/src/use-cases/categories/delete-category.ts","statementMap":{"0":{"start":{"line":9,"column":22},"end":{"line":9,"column":66}},"1":{"start":{"line":12,"column":20},"end":{"line":12,"column":null}},"2":{"start":{"line":14,"column":4},"end":{"line":16,"column":null}},"3":{"start":{"line":15,"column":6},"end":{"line":15,"column":null}}},"fnMap":{"0":{"name":"constructor","decl":{"start":{"line":9,"column":2},"end":{"line":9,"column":14}},"loc":{"start":{"line":9,"column":66},"end":{"line":9,"column":null}},"line":9},"1":{"name":"execute","decl":{"start":{"line":11,"column":8},"end":{"line":11,"column":16}},"loc":{"start":{"line":11,"column":69},"end":{"line":17,"column":null}},"line":11}},"branchMap":{"0":{"loc":{"start":{"line":14,"column":4},"end":{"line":16,"column":null}},"type":"if","locations":[{"start":{"line":14,"column":4},"end":{"line":16,"column":null}},{"start":{},"end":{}}],"line":14}},"s":{"0":4,"1":4,"2":4,"3":2},"f":{"0":4,"1":4},"b":{"0":[2,2]},"meta":{"lastBranch":1,"lastFunction":2,"lastStatement":4,"seen":{"f:9:2:9:14":0,"s:9:22:9:66":0,"f:11:8:11:16":1,"s:12:20:12:Infinity":1,"b:14:4:16:Infinity:undefined:undefined:undefined:undefined":0,"s:14:4:16:Infinity":2,"s:15:6:15:Infinity":3},"fnNames":{}}}
,"/home/kaik/Documentos/www/tny/tny-backend/src/use-cases/categories/get-category.ts": {"path":"/home/kaik/Documentos/www/tny/tny-backend/src/use-cases/categories/get-category.ts","statementMap":{"0":{"start":{"line":14,"column":22},"end":{"line":14,"column":66}},"1":{"start":{"line":19,"column":21},"end":{"line":19,"column":null}},"2":{"start":{"line":21,"column":4},"end":{"line":23,"column":null}},"3":{"start":{"line":22,"column":6},"end":{"line":22,"column":null}},"4":{"start":{"line":25,"column":4},"end":{"line":25,"column":null}}},"fnMap":{"0":{"name":"constructor","decl":{"start":{"line":14,"column":2},"end":{"line":14,"column":14}},"loc":{"start":{"line":14,"column":66},"end":{"line":14,"column":null}},"line":14},"1":{"name":"execute","decl":{"start":{"line":16,"column":8},"end":{"line":16,"column":16}},"loc":{"start":{"line":18,"column":69},"end":{"line":26,"column":null}},"line":18}},"branchMap":{"0":{"loc":{"start":{"line":21,"column":4},"end":{"line":23,"column":null}},"type":"if","locations":[{"start":{"line":21,"column":4},"end":{"line":23,"column":null}},{"start":{},"end":{}}],"line":21}},"s":{"0":4,"1":4,"2":4,"3":2,"4":2},"f":{"0":4,"1":4},"b":{"0":[2,2]},"meta":{"lastBranch":1,"lastFunction":2,"lastStatement":5,"seen":{"f:14:2:14:14":0,"s:14:22:14:66":0,"f:16:8:16:16":1,"s:19:21:19:Infinity":1,"b:21:4:23:Infinity:undefined:undefined:undefined:undefined":0,"s:21:4:23:Infinity":2,"s:22:6:22:Infinity":3,"s:25:4:25:Infinity":4},"fnNames":{}}}
,"/home/kaik/Documentos/www/tny/tny-backend/src/use-cases/categories/list-categories.ts": {"path":"/home/kaik/Documentos/www/tny/tny-backend/src/use-cases/categories/list-categories.ts","statementMap":{"0":{"start":{"line":9,"column":22},"end":{"line":9,"column":66}},"1":{"start":{"line":12,"column":23},"end":{"line":12,"column":null}},"2":{"start":{"line":13,"column":4},"end":{"line":13,"column":null}}},"fnMap":{"0":{"name":"constructor","decl":{"start":{"line":9,"column":2},"end":{"line":9,"column":14}},"loc":{"start":{"line":9,"column":66},"end":{"line":9,"column":null}},"line":9},"1":{"name":"execute","decl":{"start":{"line":11,"column":8},"end":{"line":11,"column":58}},"loc":{"start":{"line":11,"column":58},"end":{"line":14,"column":null}},"line":11}},"branchMap":{},"s":{"0":4,"1":4,"2":4},"f":{"0":4,"1":4},"b":{},"meta":{"lastBranch":0,"lastFunction":2,"lastStatement":3,"seen":{"f:9:2:9:14":0,"s:9:22:9:66":0,"f:11:8:11:58":1,"s:12:23:12:Infinity":1,"s:13:4:13:Infinity":2},"fnNames":{}}}
,"/home/kaik/Documentos/www/tny/tny-backend/src/use-cases/categories/update-category.ts": {"path":"/home/kaik/Documentos/www/tny/tny-backend/src/use-cases/categories/update-category.ts","statementMap":{"0":{"start":{"line":16,"column":22},"end":{"line":16,"column":66}},"1":{"start":{"line":23,"column":21},"end":{"line":26,"column":null}},"2":{"start":{"line":28,"column":4},"end":{"line":30,"column":null}},"3":{"start":{"line":29,"column":6},"end":{"line":29,"column":null}},"4":{"start":{"line":32,"column":4},"end":{"line":32,"column":null}}},"fnMap":{"0":{"name":"constructor","decl":{"start":{"line":16,"column":2},"end":{"line":16,"column":14}},"loc":{"start":{"line":16,"column":66},"end":{"line":16,"column":null}},"line":16},"1":{"name":"execute","decl":{"start":{"line":18,"column":8},"end":{"line":18,"column":16}},"loc":{"start":{"line":22,"column":75},"end":{"line":33,"column":null}},"line":22}},"branchMap":{"0":{"loc":{"start":{"line":25,"column":19},"end":{"line":25,"column":null}},"type":"binary-expr","locations":[{"start":{"line":25,"column":19},"end":{"line":25,"column":34}},{"start":{"line":25,"column":34},"end":{"line":25,"column":null}}],"line":25},"1":{"loc":{"start":{"line":28,"column":4},"end":{"line":30,"column":null}},"type":"if","locations":[{"start":{"line":28,"column":4},"end":{"line":30,"column":null}},{"start":{},"end":{}}],"line":28}},"s":{"0":4,"1":4,"2":4,"3":2,"4":2},"f":{"0":4,"1":4},"b":{"0":[4,3],"1":[2,2]},"meta":{"lastBranch":2,"lastFunction":2,"lastStatement":5,"seen":{"f:16:2:16:14":0,"s:16:22:16:66":0,"f:18:8:18:16":1,"s:23:21:26:Infinity":1,"b:25:19:25:34:25:34:25:Infinity":0,"b:28:4:30:Infinity:undefined:undefined:undefined:undefined":1,"s:28:4:30:Infinity":2,"s:29:6:29:Infinity":3,"s:32:4:32:Infinity":4},"fnNames":{}}}
,"/home/kaik/Documentos/www/tny/tny-backend/src/use-cases/errors/resource-not-found-error.ts": {"path":"/home/kaik/Documentos/www/tny/tny-backend/src/use-cases/errors/resource-not-found-error.ts","statementMap":{"0":{"start":{"line":3,"column":4},"end":{"line":3,"column":null}},"1":{"start":{"line":4,"column":4},"end":{"line":4,"column":null}}},"fnMap":{"0":{"name":"constructor","decl":{"start":{"line":2,"column":2},"end":{"line":2,"column":16}},"loc":{"start":{"line":2,"column":16},"end":{"line":5,"column":null}},"line":2}},"branchMap":{},"s":{"0":6,"1":6},"f":{"0":6},"b":{},"meta":{"lastBranch":0,"lastFunction":1,"lastStatement":2,"seen":{"f:2:2:2:16":0,"s:3:4:3:Infinity":0,"s:4:4:4:Infinity":1},"fnNames":{}}}
,"/home/kaik/Documentos/www/tny/tny-backend/src/use-cases/factories/make-category-use-cases.ts": {"path":"/home/kaik/Documentos/www/tny/tny-backend/src/use-cases/factories/make-category-use-cases.ts","statementMap":{"0":{"start":{"line":10,"column":2},"end":{"line":10,"column":null}},"1":{"start":{"line":14,"column":2},"end":{"line":14,"column":null}},"2":{"start":{"line":18,"column":2},"end":{"line":18,"column":null}},"3":{"start":{"line":22,"column":2},"end":{"line":22,"column":null}},"4":{"start":{"line":26,"column":2},"end":{"line":26,"column":null}}},"fnMap":{"0":{"name":"makeListCategoriesUseCase","decl":{"start":{"line":9,"column":16},"end":{"line":9,"column":44}},"loc":{"start":{"line":9,"column":44},"end":{"line":11,"column":null}},"line":9},"1":{"name":"makeGetCategoryUseCase","decl":{"start":{"line":13,"column":16},"end":{"line":13,"column":41}},"loc":{"start":{"line":13,"column":41},"end":{"line":15,"column":null}},"line":13},"2":{"name":"makeCreateCategoryUseCase","decl":{"start":{"line":17,"column":16},"end":{"line":17,"column":44}},"loc":{"start":{"line":17,"column":44},"end":{"line":19,"column":null}},"line":17},"3":{"name":"makeUpdateCategoryUseCase","decl":{"start":{"line":21,"column":16},"end":{"line":21,"column":44}},"loc":{"start":{"line":21,"column":44},"end":{"line":23,"column":null}},"line":21},"4":{"name":"makeDeleteCategoryUseCase","decl":{"start":{"line":25,"column":16},"end":{"line":25,"column":44}},"loc":{"start":{"line":25,"column":44},"end":{"line":27,"column":null}},"line":25}},"branchMap":{},"s":{"0":2,"1":2,"2":1,"3":2,"4":2},"f":{"0":2,"1":2,"2":1,"3":2,"4":2},"b":{},"meta":{"lastBranch":0,"lastFunction":5,"lastStatement":5,"seen":{"f:9:16:9:44":0,"s:10:2:10:Infinity":0,"f:13:16:13:41":1,"s:14:2:14:Infinity":1,"f:17:16:17:44":2,"s:18:2:18:Infinity":2,"f:21:16:21:44":3,"s:22:2:22:Infinity":3,"f:25:16:25:44":4,"s:26:2:26:Infinity":4},"fnNames":{}}}
}
