{"/home/kaik/Documentos/www/tny/tny-backend/src/use-cases/admins/create-admin.ts": {"path":"/home/kaik/Documentos/www/tny/tny-backend/src/use-cases/admins/create-admin.ts","statementMap":{"0":{"start":{"line":17,"column":22},"end":{"line":17,"column":58}},"1":{"start":{"line":24,"column":21},"end":{"line":24,"column":null}},"2":{"start":{"line":25,"column":4},"end":{"line":27,"column":null}},"3":{"start":{"line":26,"column":6},"end":{"line":26,"column":null}},"4":{"start":{"line":29,"column":26},"end":{"line":29,"column":null}},"5":{"start":{"line":30,"column":18},"end":{"line":34,"column":null}},"6":{"start":{"line":36,"column":4},"end":{"line":36,"column":null}}},"fnMap":{"0":{"name":"constructor","decl":{"start":{"line":17,"column":2},"end":{"line":17,"column":14}},"loc":{"start":{"line":17,"column":58},"end":{"line":17,"column":null}},"line":17},"1":{"name":"execute","decl":{"start":{"line":19,"column":8},"end":{"line":19,"column":16}},"loc":{"start":{"line":23,"column":69},"end":{"line":37,"column":null}},"line":23}},"branchMap":{"0":{"loc":{"start":{"line":25,"column":4},"end":{"line":27,"column":null}},"type":"if","locations":[{"start":{"line":25,"column":4},"end":{"line":27,"column":null}},{"start":{},"end":{}}],"line":25}},"s":{"0":4,"1":5,"2":5,"3":2,"4":3,"5":3,"6":3},"f":{"0":4,"1":5},"b":{"0":[2,3]},"meta":{"lastBranch":1,"lastFunction":2,"lastStatement":7,"seen":{"f:17:2:17:14":0,"s:17:22:17:58":0,"f:19:8:19:16":1,"s:24:21:24:Infinity":1,"b:25:4:27:Infinity:undefined:undefined:undefined:undefined":0,"s:25:4:27:Infinity":2,"s:26:6:26:Infinity":3,"s:29:26:29:Infinity":4,"s:30:18:34:Infinity":5,"s:36:4:36:Infinity":6},"fnNames":{}}}
,"/home/kaik/Documentos/www/tny/tny-backend/src/use-cases/admins/delete-admin.ts": {"path":"/home/kaik/Documentos/www/tny/tny-backend/src/use-cases/admins/delete-admin.ts","statementMap":{"0":{"start":{"line":9,"column":22},"end":{"line":9,"column":58}},"1":{"start":{"line":12,"column":20},"end":{"line":12,"column":null}},"2":{"start":{"line":13,"column":4},"end":{"line":15,"column":null}},"3":{"start":{"line":14,"column":6},"end":{"line":14,"column":null}}},"fnMap":{"0":{"name":"constructor","decl":{"start":{"line":9,"column":2},"end":{"line":9,"column":14}},"loc":{"start":{"line":9,"column":58},"end":{"line":9,"column":null}},"line":9},"1":{"name":"execute","decl":{"start":{"line":11,"column":8},"end":{"line":11,"column":16}},"loc":{"start":{"line":11,"column":66},"end":{"line":16,"column":null}},"line":11}},"branchMap":{"0":{"loc":{"start":{"line":13,"column":4},"end":{"line":15,"column":null}},"type":"if","locations":[{"start":{"line":13,"column":4},"end":{"line":15,"column":null}},{"start":{},"end":{}}],"line":13}},"s":{"0":3,"1":3,"2":3,"3":1},"f":{"0":3,"1":3},"b":{"0":[1,2]},"meta":{"lastBranch":1,"lastFunction":2,"lastStatement":4,"seen":{"f:9:2:9:14":0,"s:9:22:9:58":0,"f:11:8:11:16":1,"s:12:20:12:Infinity":1,"b:13:4:15:Infinity:undefined:undefined:undefined:undefined":0,"s:13:4:15:Infinity":2,"s:14:6:14:Infinity":3},"fnNames":{}}}
,"/home/kaik/Documentos/www/tny/tny-backend/src/use-cases/admins/list-admins.ts": {"path":"/home/kaik/Documentos/www/tny/tny-backend/src/use-cases/admins/list-admins.ts","statementMap":{"0":{"start":{"line":9,"column":22},"end":{"line":9,"column":58}},"1":{"start":{"line":12,"column":19},"end":{"line":12,"column":null}},"2":{"start":{"line":13,"column":4},"end":{"line":13,"column":null}}},"fnMap":{"0":{"name":"constructor","decl":{"start":{"line":9,"column":2},"end":{"line":9,"column":14}},"loc":{"start":{"line":9,"column":58},"end":{"line":9,"column":null}},"line":9},"1":{"name":"execute","decl":{"start":{"line":11,"column":8},"end":{"line":11,"column":54}},"loc":{"start":{"line":11,"column":54},"end":{"line":14,"column":null}},"line":11}},"branchMap":{},"s":{"0":2,"1":2,"2":2},"f":{"0":2,"1":2},"b":{},"meta":{"lastBranch":0,"lastFunction":2,"lastStatement":3,"seen":{"f:9:2:9:14":0,"s:9:22:9:58":0,"f:11:8:11:54":1,"s:12:19:12:Infinity":1,"s:13:4:13:Infinity":2},"fnNames":{}}}
,"/home/kaik/Documentos/www/tny/tny-backend/src/use-cases/admins/update-admin.ts": {"path":"/home/kaik/Documentos/www/tny/tny-backend/src/use-cases/admins/update-admin.ts","statementMap":{"0":{"start":{"line":20,"column":22},"end":{"line":20,"column":58}},"1":{"start":{"line":29,"column":4},"end":{"line":34,"column":null}},"2":{"start":{"line":30,"column":23},"end":{"line":30,"column":null}},"3":{"start":{"line":31,"column":6},"end":{"line":33,"column":null}},"4":{"start":{"line":32,"column":8},"end":{"line":32,"column":null}},"5":{"start":{"line":37,"column":6},"end":{"line":37,"column":null}},"6":{"start":{"line":39,"column":18},"end":{"line":44,"column":null}},"7":{"start":{"line":45,"column":4},"end":{"line":47,"column":null}},"8":{"start":{"line":46,"column":6},"end":{"line":46,"column":null}},"9":{"start":{"line":49,"column":4},"end":{"line":49,"column":null}}},"fnMap":{"0":{"name":"constructor","decl":{"start":{"line":20,"column":2},"end":{"line":20,"column":14}},"loc":{"start":{"line":20,"column":58},"end":{"line":20,"column":null}},"line":20},"1":{"name":"execute","decl":{"start":{"line":22,"column":8},"end":{"line":22,"column":16}},"loc":{"start":{"line":28,"column":69},"end":{"line":50,"column":null}},"line":28}},"branchMap":{"0":{"loc":{"start":{"line":29,"column":4},"end":{"line":34,"column":null}},"type":"if","locations":[{"start":{"line":29,"column":4},"end":{"line":34,"column":null}},{"start":{},"end":{}}],"line":29},"1":{"loc":{"start":{"line":31,"column":6},"end":{"line":33,"column":null}},"type":"if","locations":[{"start":{"line":31,"column":6},"end":{"line":33,"column":null}},{"start":{},"end":{}}],"line":31},"2":{"loc":{"start":{"line":31,"column":10},"end":{"line":31,"column":42}},"type":"binary-expr","locations":[{"start":{"line":31,"column":10},"end":{"line":31,"column":22}},{"start":{"line":31,"column":22},"end":{"line":31,"column":42}}],"line":31},"3":{"loc":{"start":{"line":37,"column":6},"end":{"line":37,"column":null}},"type":"cond-expr","locations":[{"start":{"line":37,"column":31},"end":{"line":37,"column":57}},{"start":{"line":37,"column":57},"end":{"line":37,"column":null}}],"line":37},"4":{"loc":{"start":{"line":45,"column":4},"end":{"line":47,"column":null}},"type":"if","locations":[{"start":{"line":45,"column":4},"end":{"line":47,"column":null}},{"start":{},"end":{}}],"line":45}},"s":{"0":7,"1":7,"2":3,"3":3,"4":1,"5":6,"6":7,"7":6,"8":2,"9":4},"f":{"0":7,"1":7},"b":{"0":[3,4],"1":[1,2],"2":[3,2],"3":[1,5],"4":[2,4]},"meta":{"lastBranch":5,"lastFunction":2,"lastStatement":10,"seen":{"f:20:2:20:14":0,"s:20:22:20:58":0,"f:22:8:22:16":1,"b:29:4:34:Infinity:undefined:undefined:undefined:undefined":0,"s:29:4:34:Infinity":1,"s:30:23:30:Infinity":2,"b:31:6:33:Infinity:undefined:undefined:undefined:undefined":1,"s:31:6:33:Infinity":3,"b:31:10:31:22:31:22:31:42":2,"s:32:8:32:Infinity":4,"s:37:6:37:Infinity":5,"b:37:31:37:57:37:57:37:Infinity":3,"s:39:18:44:Infinity":6,"b:45:4:47:Infinity:undefined:undefined:undefined:undefined":4,"s:45:4:47:Infinity":7,"s:46:6:46:Infinity":8,"s:49:4:49:Infinity":9},"fnNames":{}}}
,"/home/kaik/Documentos/www/tny/tny-backend/src/use-cases/auth/authenticate.ts": {"path":"/home/kaik/Documentos/www/tny/tny-backend/src/use-cases/auth/authenticate.ts","statementMap":{"0":{"start":{"line":16,"column":22},"end":{"line":16,"column":58}},"1":{"start":{"line":22,"column":18},"end":{"line":22,"column":null}},"2":{"start":{"line":24,"column":4},"end":{"line":26,"column":null}},"3":{"start":{"line":25,"column":6},"end":{"line":25,"column":null}},"4":{"start":{"line":28,"column":28},"end":{"line":28,"column":null}},"5":{"start":{"line":30,"column":4},"end":{"line":32,"column":null}},"6":{"start":{"line":31,"column":6},"end":{"line":31,"column":null}},"7":{"start":{"line":34,"column":4},"end":{"line":34,"column":null}}},"fnMap":{"0":{"name":"constructor","decl":{"start":{"line":16,"column":2},"end":{"line":16,"column":14}},"loc":{"start":{"line":16,"column":58},"end":{"line":16,"column":null}},"line":16},"1":{"name":"execute","decl":{"start":{"line":18,"column":8},"end":{"line":18,"column":16}},"loc":{"start":{"line":21,"column":71},"end":{"line":35,"column":null}},"line":21}},"branchMap":{"0":{"loc":{"start":{"line":24,"column":4},"end":{"line":26,"column":null}},"type":"if","locations":[{"start":{"line":24,"column":4},"end":{"line":26,"column":null}},{"start":{},"end":{}}],"line":24},"1":{"loc":{"start":{"line":24,"column":8},"end":{"line":24,"column":33}},"type":"binary-expr","locations":[{"start":{"line":24,"column":8},"end":{"line":24,"column":18}},{"start":{"line":24,"column":18},"end":{"line":24,"column":33}}],"line":24},"2":{"loc":{"start":{"line":30,"column":4},"end":{"line":32,"column":null}},"type":"if","locations":[{"start":{"line":30,"column":4},"end":{"line":32,"column":null}},{"start":{},"end":{}}],"line":30}},"s":{"0":6,"1":6,"2":6,"3":2,"4":4,"5":4,"6":2,"7":2},"f":{"0":6,"1":6},"b":{"0":[2,4],"1":[6,5],"2":[2,2]},"meta":{"lastBranch":3,"lastFunction":2,"lastStatement":8,"seen":{"f:16:2:16:14":0,"s:16:22:16:58":0,"f:18:8:18:16":1,"s:22:18:22:Infinity":1,"b:24:4:26:Infinity:undefined:undefined:undefined:undefined":0,"s:24:4:26:Infinity":2,"b:24:8:24:18:24:18:24:33":1,"s:25:6:25:Infinity":3,"s:28:28:28:Infinity":4,"b:30:4:32:Infinity:undefined:undefined:undefined:undefined":2,"s:30:4:32:Infinity":5,"s:31:6:31:Infinity":6,"s:34:4:34:Infinity":7},"fnNames":{}}}
,"/home/kaik/Documentos/www/tny/tny-backend/src/use-cases/auth/get-admin-profile.ts": {"path":"/home/kaik/Documentos/www/tny/tny-backend/src/use-cases/auth/get-admin-profile.ts","statementMap":{"0":{"start":{"line":14,"column":22},"end":{"line":14,"column":58}},"1":{"start":{"line":19,"column":18},"end":{"line":19,"column":null}},"2":{"start":{"line":21,"column":4},"end":{"line":23,"column":null}},"3":{"start":{"line":22,"column":6},"end":{"line":22,"column":null}},"4":{"start":{"line":25,"column":4},"end":{"line":25,"column":null}}},"fnMap":{"0":{"name":"constructor","decl":{"start":{"line":14,"column":2},"end":{"line":14,"column":14}},"loc":{"start":{"line":14,"column":58},"end":{"line":14,"column":null}},"line":14},"1":{"name":"execute","decl":{"start":{"line":16,"column":8},"end":{"line":16,"column":16}},"loc":{"start":{"line":18,"column":77},"end":{"line":26,"column":null}},"line":18}},"branchMap":{"0":{"loc":{"start":{"line":21,"column":4},"end":{"line":23,"column":null}},"type":"if","locations":[{"start":{"line":21,"column":4},"end":{"line":23,"column":null}},{"start":{},"end":{}}],"line":21},"1":{"loc":{"start":{"line":21,"column":8},"end":{"line":21,"column":33}},"type":"binary-expr","locations":[{"start":{"line":21,"column":8},"end":{"line":21,"column":18}},{"start":{"line":21,"column":18},"end":{"line":21,"column":33}}],"line":21}},"s":{"0":4,"1":4,"2":4,"3":2,"4":2},"f":{"0":4,"1":4},"b":{"0":[2,2],"1":[4,3]},"meta":{"lastBranch":2,"lastFunction":2,"lastStatement":5,"seen":{"f:14:2:14:14":0,"s:14:22:14:58":0,"f:16:8:16:16":1,"s:19:18:19:Infinity":1,"b:21:4:23:Infinity:undefined:undefined:undefined:undefined":0,"s:21:4:23:Infinity":2,"b:21:8:21:18:21:18:21:33":1,"s:22:6:22:Infinity":3,"s:25:4:25:Infinity":4},"fnNames":{}}}
,"/home/kaik/Documentos/www/tny/tny-backend/src/use-cases/categories/create-category.ts": {"path":"/home/kaik/Documentos/www/tny/tny-backend/src/use-cases/categories/create-category.ts","statementMap":{"0":{"start":{"line":14,"column":22},"end":{"line":14,"column":66}},"1":{"start":{"line":20,"column":21},"end":{"line":23,"column":null}},"2":{"start":{"line":25,"column":4},"end":{"line":25,"column":null}}},"fnMap":{"0":{"name":"constructor","decl":{"start":{"line":14,"column":2},"end":{"line":14,"column":14}},"loc":{"start":{"line":14,"column":66},"end":{"line":14,"column":null}},"line":14},"1":{"name":"execute","decl":{"start":{"line":16,"column":8},"end":{"line":16,"column":16}},"loc":{"start":{"line":19,"column":75},"end":{"line":26,"column":null}},"line":19}},"branchMap":{"0":{"loc":{"start":{"line":22,"column":19},"end":{"line":22,"column":null}},"type":"binary-expr","locations":[{"start":{"line":22,"column":19},"end":{"line":22,"column":34}},{"start":{"line":22,"column":34},"end":{"line":22,"column":null}}],"line":22}},"s":{"0":3,"1":3,"2":3},"f":{"0":3,"1":3},"b":{"0":[3,1]},"meta":{"lastBranch":1,"lastFunction":2,"lastStatement":3,"seen":{"f:14:2:14:14":0,"s:14:22:14:66":0,"f:16:8:16:16":1,"s:20:21:23:Infinity":1,"b:22:19:22:34:22:34:22:Infinity":0,"s:25:4:25:Infinity":2},"fnNames":{}}}
,"/home/kaik/Documentos/www/tny/tny-backend/src/use-cases/categories/delete-category.ts": {"path":"/home/kaik/Documentos/www/tny/tny-backend/src/use-cases/categories/delete-category.ts","statementMap":{"0":{"start":{"line":9,"column":22},"end":{"line":9,"column":66}},"1":{"start":{"line":12,"column":20},"end":{"line":12,"column":null}},"2":{"start":{"line":14,"column":4},"end":{"line":16,"column":null}},"3":{"start":{"line":15,"column":6},"end":{"line":15,"column":null}}},"fnMap":{"0":{"name":"constructor","decl":{"start":{"line":9,"column":2},"end":{"line":9,"column":14}},"loc":{"start":{"line":9,"column":66},"end":{"line":9,"column":null}},"line":9},"1":{"name":"execute","decl":{"start":{"line":11,"column":8},"end":{"line":11,"column":16}},"loc":{"start":{"line":11,"column":69},"end":{"line":17,"column":null}},"line":11}},"branchMap":{"0":{"loc":{"start":{"line":14,"column":4},"end":{"line":16,"column":null}},"type":"if","locations":[{"start":{"line":14,"column":4},"end":{"line":16,"column":null}},{"start":{},"end":{}}],"line":14}},"s":{"0":4,"1":4,"2":4,"3":2},"f":{"0":4,"1":4},"b":{"0":[2,2]},"meta":{"lastBranch":1,"lastFunction":2,"lastStatement":4,"seen":{"f:9:2:9:14":0,"s:9:22:9:66":0,"f:11:8:11:16":1,"s:12:20:12:Infinity":1,"b:14:4:16:Infinity:undefined:undefined:undefined:undefined":0,"s:14:4:16:Infinity":2,"s:15:6:15:Infinity":3},"fnNames":{}}}
,"/home/kaik/Documentos/www/tny/tny-backend/src/use-cases/categories/get-category.ts": {"path":"/home/kaik/Documentos/www/tny/tny-backend/src/use-cases/categories/get-category.ts","statementMap":{"0":{"start":{"line":14,"column":22},"end":{"line":14,"column":66}},"1":{"start":{"line":19,"column":21},"end":{"line":19,"column":null}},"2":{"start":{"line":21,"column":4},"end":{"line":23,"column":null}},"3":{"start":{"line":22,"column":6},"end":{"line":22,"column":null}},"4":{"start":{"line":25,"column":4},"end":{"line":25,"column":null}}},"fnMap":{"0":{"name":"constructor","decl":{"start":{"line":14,"column":2},"end":{"line":14,"column":14}},"loc":{"start":{"line":14,"column":66},"end":{"line":14,"column":null}},"line":14},"1":{"name":"execute","decl":{"start":{"line":16,"column":8},"end":{"line":16,"column":16}},"loc":{"start":{"line":18,"column":69},"end":{"line":26,"column":null}},"line":18}},"branchMap":{"0":{"loc":{"start":{"line":21,"column":4},"end":{"line":23,"column":null}},"type":"if","locations":[{"start":{"line":21,"column":4},"end":{"line":23,"column":null}},{"start":{},"end":{}}],"line":21}},"s":{"0":4,"1":4,"2":4,"3":2,"4":2},"f":{"0":4,"1":4},"b":{"0":[2,2]},"meta":{"lastBranch":1,"lastFunction":2,"lastStatement":5,"seen":{"f:14:2:14:14":0,"s:14:22:14:66":0,"f:16:8:16:16":1,"s:19:21:19:Infinity":1,"b:21:4:23:Infinity:undefined:undefined:undefined:undefined":0,"s:21:4:23:Infinity":2,"s:22:6:22:Infinity":3,"s:25:4:25:Infinity":4},"fnNames":{}}}
,"/home/kaik/Documentos/www/tny/tny-backend/src/use-cases/categories/list-categories.ts": {"path":"/home/kaik/Documentos/www/tny/tny-backend/src/use-cases/categories/list-categories.ts","statementMap":{"0":{"start":{"line":9,"column":22},"end":{"line":9,"column":66}},"1":{"start":{"line":12,"column":23},"end":{"line":12,"column":null}},"2":{"start":{"line":13,"column":4},"end":{"line":13,"column":null}}},"fnMap":{"0":{"name":"constructor","decl":{"start":{"line":9,"column":2},"end":{"line":9,"column":14}},"loc":{"start":{"line":9,"column":66},"end":{"line":9,"column":null}},"line":9},"1":{"name":"execute","decl":{"start":{"line":11,"column":8},"end":{"line":11,"column":58}},"loc":{"start":{"line":11,"column":58},"end":{"line":14,"column":null}},"line":11}},"branchMap":{},"s":{"0":4,"1":4,"2":4},"f":{"0":4,"1":4},"b":{},"meta":{"lastBranch":0,"lastFunction":2,"lastStatement":3,"seen":{"f:9:2:9:14":0,"s:9:22:9:66":0,"f:11:8:11:58":1,"s:12:23:12:Infinity":1,"s:13:4:13:Infinity":2},"fnNames":{}}}
,"/home/kaik/Documentos/www/tny/tny-backend/src/use-cases/categories/update-category.ts": {"path":"/home/kaik/Documentos/www/tny/tny-backend/src/use-cases/categories/update-category.ts","statementMap":{"0":{"start":{"line":16,"column":22},"end":{"line":16,"column":66}},"1":{"start":{"line":23,"column":21},"end":{"line":26,"column":null}},"2":{"start":{"line":28,"column":4},"end":{"line":30,"column":null}},"3":{"start":{"line":29,"column":6},"end":{"line":29,"column":null}},"4":{"start":{"line":32,"column":4},"end":{"line":32,"column":null}}},"fnMap":{"0":{"name":"constructor","decl":{"start":{"line":16,"column":2},"end":{"line":16,"column":14}},"loc":{"start":{"line":16,"column":66},"end":{"line":16,"column":null}},"line":16},"1":{"name":"execute","decl":{"start":{"line":18,"column":8},"end":{"line":18,"column":16}},"loc":{"start":{"line":22,"column":75},"end":{"line":33,"column":null}},"line":22}},"branchMap":{"0":{"loc":{"start":{"line":25,"column":19},"end":{"line":25,"column":null}},"type":"binary-expr","locations":[{"start":{"line":25,"column":19},"end":{"line":25,"column":34}},{"start":{"line":25,"column":34},"end":{"line":25,"column":null}}],"line":25},"1":{"loc":{"start":{"line":28,"column":4},"end":{"line":30,"column":null}},"type":"if","locations":[{"start":{"line":28,"column":4},"end":{"line":30,"column":null}},{"start":{},"end":{}}],"line":28}},"s":{"0":4,"1":4,"2":4,"3":2,"4":2},"f":{"0":4,"1":4},"b":{"0":[4,3],"1":[2,2]},"meta":{"lastBranch":2,"lastFunction":2,"lastStatement":5,"seen":{"f:16:2:16:14":0,"s:16:22:16:66":0,"f:18:8:18:16":1,"s:23:21:26:Infinity":1,"b:25:19:25:34:25:34:25:Infinity":0,"b:28:4:30:Infinity:undefined:undefined:undefined:undefined":1,"s:28:4:30:Infinity":2,"s:29:6:29:Infinity":3,"s:32:4:32:Infinity":4},"fnNames":{}}}
,"/home/kaik/Documentos/www/tny/tny-backend/src/use-cases/errors/admin-already-exists-error.ts": {"path":"/home/kaik/Documentos/www/tny/tny-backend/src/use-cases/errors/admin-already-exists-error.ts","statementMap":{"0":{"start":{"line":3,"column":4},"end":{"line":3,"column":null}},"1":{"start":{"line":4,"column":4},"end":{"line":4,"column":null}}},"fnMap":{"0":{"name":"constructor","decl":{"start":{"line":2,"column":2},"end":{"line":2,"column":16}},"loc":{"start":{"line":2,"column":16},"end":{"line":5,"column":null}},"line":2}},"branchMap":{},"s":{"0":3,"1":3},"f":{"0":3},"b":{},"meta":{"lastBranch":0,"lastFunction":1,"lastStatement":2,"seen":{"f:2:2:2:16":0,"s:3:4:3:Infinity":0,"s:4:4:4:Infinity":1},"fnNames":{}}}
,"/home/kaik/Documentos/www/tny/tny-backend/src/use-cases/errors/invalid-credentials-error.ts": {"path":"/home/kaik/Documentos/www/tny/tny-backend/src/use-cases/errors/invalid-credentials-error.ts","statementMap":{"0":{"start":{"line":3,"column":4},"end":{"line":3,"column":null}},"1":{"start":{"line":4,"column":4},"end":{"line":4,"column":null}}},"fnMap":{"0":{"name":"constructor","decl":{"start":{"line":2,"column":2},"end":{"line":2,"column":16}},"loc":{"start":{"line":2,"column":16},"end":{"line":5,"column":null}},"line":2}},"branchMap":{},"s":{"0":4,"1":4},"f":{"0":4},"b":{},"meta":{"lastBranch":0,"lastFunction":1,"lastStatement":2,"seen":{"f:2:2:2:16":0,"s:3:4:3:Infinity":0,"s:4:4:4:Infinity":1},"fnNames":{}}}
,"/home/kaik/Documentos/www/tny/tny-backend/src/use-cases/errors/invalid-promotional-price-error.ts": {"path":"/home/kaik/Documentos/www/tny/tny-backend/src/use-cases/errors/invalid-promotional-price-error.ts","statementMap":{"0":{"start":{"line":3,"column":4},"end":{"line":3,"column":null}},"1":{"start":{"line":4,"column":4},"end":{"line":4,"column":null}}},"fnMap":{"0":{"name":"constructor","decl":{"start":{"line":2,"column":2},"end":{"line":2,"column":16}},"loc":{"start":{"line":2,"column":16},"end":{"line":5,"column":null}},"line":2}},"branchMap":{},"s":{"0":3,"1":3},"f":{"0":3},"b":{},"meta":{"lastBranch":0,"lastFunction":1,"lastStatement":2,"seen":{"f:2:2:2:16":0,"s:3:4:3:Infinity":0,"s:4:4:4:Infinity":1},"fnNames":{}}}
,"/home/kaik/Documentos/www/tny/tny-backend/src/use-cases/errors/product-sku-already-exists-error.ts": {"path":"/home/kaik/Documentos/www/tny/tny-backend/src/use-cases/errors/product-sku-already-exists-error.ts","statementMap":{"0":{"start":{"line":3,"column":4},"end":{"line":3,"column":null}},"1":{"start":{"line":4,"column":4},"end":{"line":4,"column":null}}},"fnMap":{"0":{"name":"constructor","decl":{"start":{"line":2,"column":2},"end":{"line":2,"column":16}},"loc":{"start":{"line":2,"column":16},"end":{"line":5,"column":null}},"line":2}},"branchMap":{},"s":{"0":3,"1":3},"f":{"0":3},"b":{},"meta":{"lastBranch":0,"lastFunction":1,"lastStatement":2,"seen":{"f:2:2:2:16":0,"s:3:4:3:Infinity":0,"s:4:4:4:Infinity":1},"fnNames":{}}}
,"/home/kaik/Documentos/www/tny/tny-backend/src/use-cases/errors/resource-not-found-error.ts": {"path":"/home/kaik/Documentos/www/tny/tny-backend/src/use-cases/errors/resource-not-found-error.ts","statementMap":{"0":{"start":{"line":3,"column":4},"end":{"line":3,"column":null}},"1":{"start":{"line":4,"column":4},"end":{"line":4,"column":null}}},"fnMap":{"0":{"name":"constructor","decl":{"start":{"line":2,"column":2},"end":{"line":2,"column":16}},"loc":{"start":{"line":2,"column":16},"end":{"line":5,"column":null}},"line":2}},"branchMap":{},"s":{"0":36,"1":36},"f":{"0":36},"b":{},"meta":{"lastBranch":0,"lastFunction":1,"lastStatement":2,"seen":{"f:2:2:2:16":0,"s:3:4:3:Infinity":0,"s:4:4:4:Infinity":1},"fnNames":{}}}
,"/home/kaik/Documentos/www/tny/tny-backend/src/use-cases/errors/variant-sku-already-exists-error.ts": {"path":"/home/kaik/Documentos/www/tny/tny-backend/src/use-cases/errors/variant-sku-already-exists-error.ts","statementMap":{"0":{"start":{"line":3,"column":4},"end":{"line":3,"column":null}},"1":{"start":{"line":4,"column":4},"end":{"line":4,"column":null}}},"fnMap":{"0":{"name":"constructor","decl":{"start":{"line":2,"column":2},"end":{"line":2,"column":16}},"loc":{"start":{"line":2,"column":16},"end":{"line":5,"column":null}},"line":2}},"branchMap":{},"s":{"0":3,"1":3},"f":{"0":3},"b":{},"meta":{"lastBranch":0,"lastFunction":1,"lastStatement":2,"seen":{"f:2:2:2:16":0,"s:3:4:3:Infinity":0,"s:4:4:4:Infinity":1},"fnNames":{}}}
,"/home/kaik/Documentos/www/tny/tny-backend/src/use-cases/factories/make-admin-use-cases.ts": {"path":"/home/kaik/Documentos/www/tny/tny-backend/src/use-cases/factories/make-admin-use-cases.ts","statementMap":{"0":{"start":{"line":9,"column":2},"end":{"line":9,"column":null}},"1":{"start":{"line":13,"column":2},"end":{"line":13,"column":null}},"2":{"start":{"line":17,"column":2},"end":{"line":17,"column":null}},"3":{"start":{"line":21,"column":2},"end":{"line":21,"column":null}}},"fnMap":{"0":{"name":"makeListAdminsUseCase","decl":{"start":{"line":8,"column":16},"end":{"line":8,"column":40}},"loc":{"start":{"line":8,"column":40},"end":{"line":10,"column":null}},"line":8},"1":{"name":"makeCreateAdminUseCase","decl":{"start":{"line":12,"column":16},"end":{"line":12,"column":41}},"loc":{"start":{"line":12,"column":41},"end":{"line":14,"column":null}},"line":12},"2":{"name":"makeUpdateAdminUseCase","decl":{"start":{"line":16,"column":16},"end":{"line":16,"column":41}},"loc":{"start":{"line":16,"column":41},"end":{"line":18,"column":null}},"line":16},"3":{"name":"makeDeleteAdminUseCase","decl":{"start":{"line":20,"column":16},"end":{"line":20,"column":41}},"loc":{"start":{"line":20,"column":41},"end":{"line":22,"column":null}},"line":20}},"branchMap":{},"s":{"0":1,"1":2,"2":2,"3":1},"f":{"0":1,"1":2,"2":2,"3":1},"b":{},"meta":{"lastBranch":0,"lastFunction":4,"lastStatement":4,"seen":{"f:8:16:8:40":0,"s:9:2:9:Infinity":0,"f:12:16:12:41":1,"s:13:2:13:Infinity":1,"f:16:16:16:41":2,"s:17:2:17:Infinity":2,"f:20:16:20:41":3,"s:21:2:21:Infinity":3},"fnNames":{}}}
,"/home/kaik/Documentos/www/tny/tny-backend/src/use-cases/factories/make-auth-use-cases.ts": {"path":"/home/kaik/Documentos/www/tny/tny-backend/src/use-cases/factories/make-auth-use-cases.ts","statementMap":{"0":{"start":{"line":7,"column":2},"end":{"line":7,"column":null}},"1":{"start":{"line":11,"column":2},"end":{"line":11,"column":null}}},"fnMap":{"0":{"name":"makeAuthenticateUseCase","decl":{"start":{"line":6,"column":16},"end":{"line":6,"column":42}},"loc":{"start":{"line":6,"column":42},"end":{"line":8,"column":null}},"line":6},"1":{"name":"makeGetAdminProfileUseCase","decl":{"start":{"line":10,"column":16},"end":{"line":10,"column":45}},"loc":{"start":{"line":10,"column":45},"end":{"line":12,"column":null}},"line":10}},"branchMap":{},"s":{"0":2,"1":1},"f":{"0":2,"1":1},"b":{},"meta":{"lastBranch":0,"lastFunction":2,"lastStatement":2,"seen":{"f:6:16:6:42":0,"s:7:2:7:Infinity":0,"f:10:16:10:45":1,"s:11:2:11:Infinity":1},"fnNames":{}}}
,"/home/kaik/Documentos/www/tny/tny-backend/src/use-cases/factories/make-category-use-cases.ts": {"path":"/home/kaik/Documentos/www/tny/tny-backend/src/use-cases/factories/make-category-use-cases.ts","statementMap":{"0":{"start":{"line":10,"column":2},"end":{"line":10,"column":null}},"1":{"start":{"line":14,"column":2},"end":{"line":14,"column":null}},"2":{"start":{"line":18,"column":2},"end":{"line":18,"column":null}},"3":{"start":{"line":22,"column":2},"end":{"line":22,"column":null}},"4":{"start":{"line":26,"column":2},"end":{"line":26,"column":null}}},"fnMap":{"0":{"name":"makeListCategoriesUseCase","decl":{"start":{"line":9,"column":16},"end":{"line":9,"column":44}},"loc":{"start":{"line":9,"column":44},"end":{"line":11,"column":null}},"line":9},"1":{"name":"makeGetCategoryUseCase","decl":{"start":{"line":13,"column":16},"end":{"line":13,"column":41}},"loc":{"start":{"line":13,"column":41},"end":{"line":15,"column":null}},"line":13},"2":{"name":"makeCreateCategoryUseCase","decl":{"start":{"line":17,"column":16},"end":{"line":17,"column":44}},"loc":{"start":{"line":17,"column":44},"end":{"line":19,"column":null}},"line":17},"3":{"name":"makeUpdateCategoryUseCase","decl":{"start":{"line":21,"column":16},"end":{"line":21,"column":44}},"loc":{"start":{"line":21,"column":44},"end":{"line":23,"column":null}},"line":21},"4":{"name":"makeDeleteCategoryUseCase","decl":{"start":{"line":25,"column":16},"end":{"line":25,"column":44}},"loc":{"start":{"line":25,"column":44},"end":{"line":27,"column":null}},"line":25}},"branchMap":{},"s":{"0":2,"1":2,"2":1,"3":2,"4":2},"f":{"0":2,"1":2,"2":1,"3":2,"4":2},"b":{},"meta":{"lastBranch":0,"lastFunction":5,"lastStatement":5,"seen":{"f:9:16:9:44":0,"s:10:2:10:Infinity":0,"f:13:16:13:41":1,"s:14:2:14:Infinity":1,"f:17:16:17:44":2,"s:18:2:18:Infinity":2,"f:21:16:21:44":3,"s:22:2:22:Infinity":3,"f:25:16:25:44":4,"s:26:2:26:Infinity":4},"fnNames":{}}}
,"/home/kaik/Documentos/www/tny/tny-backend/src/use-cases/factories/make-image-use-cases.ts": {"path":"/home/kaik/Documentos/www/tny/tny-backend/src/use-cases/factories/make-image-use-cases.ts","statementMap":{"0":{"start":{"line":8,"column":2},"end":{"line":8,"column":null}},"1":{"start":{"line":12,"column":2},"end":{"line":12,"column":null}},"2":{"start":{"line":16,"column":2},"end":{"line":16,"column":null}}},"fnMap":{"0":{"name":"makeAddProductImageUseCase","decl":{"start":{"line":7,"column":16},"end":{"line":7,"column":45}},"loc":{"start":{"line":7,"column":45},"end":{"line":9,"column":null}},"line":7},"1":{"name":"makeUpdateImageUseCase","decl":{"start":{"line":11,"column":16},"end":{"line":11,"column":41}},"loc":{"start":{"line":11,"column":41},"end":{"line":13,"column":null}},"line":11},"2":{"name":"makeDeleteImageUseCase","decl":{"start":{"line":15,"column":16},"end":{"line":15,"column":41}},"loc":{"start":{"line":15,"column":41},"end":{"line":17,"column":null}},"line":15}},"branchMap":{},"s":{"0":2,"1":1,"2":2},"f":{"0":2,"1":1,"2":2},"b":{},"meta":{"lastBranch":0,"lastFunction":3,"lastStatement":3,"seen":{"f:7:16:7:45":0,"s:8:2:8:Infinity":0,"f:11:16:11:41":1,"s:12:2:12:Infinity":1,"f:15:16:15:41":2,"s:16:2:16:Infinity":2},"fnNames":{}}}
,"/home/kaik/Documentos/www/tny/tny-backend/src/use-cases/factories/make-lead-use-cases.ts": {"path":"/home/kaik/Documentos/www/tny/tny-backend/src/use-cases/factories/make-lead-use-cases.ts","statementMap":{"0":{"start":{"line":8,"column":2},"end":{"line":8,"column":null}},"1":{"start":{"line":12,"column":2},"end":{"line":12,"column":null}},"2":{"start":{"line":16,"column":2},"end":{"line":16,"column":null}}},"fnMap":{"0":{"name":"makeCreateLeadUseCase","decl":{"start":{"line":7,"column":16},"end":{"line":7,"column":40}},"loc":{"start":{"line":7,"column":40},"end":{"line":9,"column":null}},"line":7},"1":{"name":"makeListLeadsUseCase","decl":{"start":{"line":11,"column":16},"end":{"line":11,"column":39}},"loc":{"start":{"line":11,"column":39},"end":{"line":13,"column":null}},"line":11},"2":{"name":"makeDeleteLeadUseCase","decl":{"start":{"line":15,"column":16},"end":{"line":15,"column":40}},"loc":{"start":{"line":15,"column":40},"end":{"line":17,"column":null}},"line":15}},"branchMap":{},"s":{"0":3,"1":1,"2":2},"f":{"0":3,"1":1,"2":2},"b":{},"meta":{"lastBranch":0,"lastFunction":3,"lastStatement":3,"seen":{"f:7:16:7:40":0,"s:8:2:8:Infinity":0,"f:11:16:11:39":1,"s:12:2:12:Infinity":1,"f:15:16:15:40":2,"s:16:2:16:Infinity":2},"fnNames":{}}}
,"/home/kaik/Documentos/www/tny/tny-backend/src/use-cases/factories/make-order-use-cases.ts": {"path":"/home/kaik/Documentos/www/tny/tny-backend/src/use-cases/factories/make-order-use-cases.ts","statementMap":{"0":{"start":{"line":9,"column":2},"end":{"line":9,"column":null}},"1":{"start":{"line":13,"column":2},"end":{"line":13,"column":null}},"2":{"start":{"line":17,"column":2},"end":{"line":17,"column":null}},"3":{"start":{"line":21,"column":2},"end":{"line":21,"column":null}}},"fnMap":{"0":{"name":"makeCreateOrderUseCase","decl":{"start":{"line":8,"column":16},"end":{"line":8,"column":41}},"loc":{"start":{"line":8,"column":41},"end":{"line":10,"column":null}},"line":8},"1":{"name":"makeListOrdersUseCase","decl":{"start":{"line":12,"column":16},"end":{"line":12,"column":40}},"loc":{"start":{"line":12,"column":40},"end":{"line":14,"column":null}},"line":12},"2":{"name":"makeGetOrderUseCase","decl":{"start":{"line":16,"column":16},"end":{"line":16,"column":38}},"loc":{"start":{"line":16,"column":38},"end":{"line":18,"column":null}},"line":16},"3":{"name":"makeUpdateOrderStatusUseCase","decl":{"start":{"line":20,"column":16},"end":{"line":20,"column":47}},"loc":{"start":{"line":20,"column":47},"end":{"line":22,"column":null}},"line":20}},"branchMap":{},"s":{"0":4,"1":3,"2":1,"3":1},"f":{"0":4,"1":3,"2":1,"3":1},"b":{},"meta":{"lastBranch":0,"lastFunction":4,"lastStatement":4,"seen":{"f:8:16:8:41":0,"s:9:2:9:Infinity":0,"f:12:16:12:40":1,"s:13:2:13:Infinity":1,"f:16:16:16:38":2,"s:17:2:17:Infinity":2,"f:20:16:20:47":3,"s:21:2:21:Infinity":3},"fnNames":{}}}
,"/home/kaik/Documentos/www/tny/tny-backend/src/use-cases/factories/make-product-use-cases.ts": {"path":"/home/kaik/Documentos/www/tny/tny-backend/src/use-cases/factories/make-product-use-cases.ts","statementMap":{"0":{"start":{"line":12,"column":2},"end":{"line":12,"column":null}},"1":{"start":{"line":16,"column":2},"end":{"line":16,"column":null}},"2":{"start":{"line":20,"column":2},"end":{"line":20,"column":null}},"3":{"start":{"line":24,"column":2},"end":{"line":24,"column":null}},"4":{"start":{"line":28,"column":2},"end":{"line":28,"column":null}},"5":{"start":{"line":32,"column":2},"end":{"line":32,"column":null}},"6":{"start":{"line":36,"column":2},"end":{"line":36,"column":null}}},"fnMap":{"0":{"name":"makeListProductsUseCase","decl":{"start":{"line":11,"column":16},"end":{"line":11,"column":42}},"loc":{"start":{"line":11,"column":42},"end":{"line":13,"column":null}},"line":11},"1":{"name":"makeGetProductUseCase","decl":{"start":{"line":15,"column":16},"end":{"line":15,"column":40}},"loc":{"start":{"line":15,"column":40},"end":{"line":17,"column":null}},"line":15},"2":{"name":"makeGetRelatedProductsUseCase","decl":{"start":{"line":19,"column":16},"end":{"line":19,"column":48}},"loc":{"start":{"line":19,"column":48},"end":{"line":21,"column":null}},"line":19},"3":{"name":"makeCreateProductUseCase","decl":{"start":{"line":23,"column":16},"end":{"line":23,"column":43}},"loc":{"start":{"line":23,"column":43},"end":{"line":25,"column":null}},"line":23},"4":{"name":"makeUpdateProductUseCase","decl":{"start":{"line":27,"column":16},"end":{"line":27,"column":43}},"loc":{"start":{"line":27,"column":43},"end":{"line":29,"column":null}},"line":27},"5":{"name":"makeDeleteProductUseCase","decl":{"start":{"line":31,"column":16},"end":{"line":31,"column":43}},"loc":{"start":{"line":31,"column":43},"end":{"line":33,"column":null}},"line":31},"6":{"name":"makeSetProductCategoriesUseCase","decl":{"start":{"line":35,"column":16},"end":{"line":35,"column":50}},"loc":{"start":{"line":35,"column":50},"end":{"line":37,"column":null}},"line":35}},"branchMap":{},"s":{"0":3,"1":5,"2":1,"3":3,"4":2,"5":1,"6":1},"f":{"0":3,"1":5,"2":1,"3":3,"4":2,"5":1,"6":1},"b":{},"meta":{"lastBranch":0,"lastFunction":7,"lastStatement":7,"seen":{"f:11:16:11:42":0,"s:12:2:12:Infinity":0,"f:15:16:15:40":1,"s:16:2:16:Infinity":1,"f:19:16:19:48":2,"s:20:2:20:Infinity":2,"f:23:16:23:43":3,"s:24:2:24:Infinity":3,"f:27:16:27:43":4,"s:28:2:28:Infinity":4,"f:31:16:31:43":5,"s:32:2:32:Infinity":5,"f:35:16:35:50":6,"s:36:2:36:Infinity":6},"fnNames":{}}}
,"/home/kaik/Documentos/www/tny/tny-backend/src/use-cases/factories/make-variant-use-cases.ts": {"path":"/home/kaik/Documentos/www/tny/tny-backend/src/use-cases/factories/make-variant-use-cases.ts","statementMap":{"0":{"start":{"line":9,"column":2},"end":{"line":9,"column":null}},"1":{"start":{"line":13,"column":2},"end":{"line":13,"column":null}},"2":{"start":{"line":17,"column":2},"end":{"line":17,"column":null}},"3":{"start":{"line":21,"column":2},"end":{"line":21,"column":null}}},"fnMap":{"0":{"name":"makeListProductVariantsUseCase","decl":{"start":{"line":8,"column":16},"end":{"line":8,"column":49}},"loc":{"start":{"line":8,"column":49},"end":{"line":10,"column":null}},"line":8},"1":{"name":"makeCreateVariantUseCase","decl":{"start":{"line":12,"column":16},"end":{"line":12,"column":43}},"loc":{"start":{"line":12,"column":43},"end":{"line":14,"column":null}},"line":12},"2":{"name":"makeUpdateVariantUseCase","decl":{"start":{"line":16,"column":16},"end":{"line":16,"column":43}},"loc":{"start":{"line":16,"column":43},"end":{"line":18,"column":null}},"line":16},"3":{"name":"makeDeleteVariantUseCase","decl":{"start":{"line":20,"column":16},"end":{"line":20,"column":43}},"loc":{"start":{"line":20,"column":43},"end":{"line":22,"column":null}},"line":20}},"branchMap":{},"s":{"0":1,"1":3,"2":1,"3":2},"f":{"0":1,"1":3,"2":1,"3":2},"b":{},"meta":{"lastBranch":0,"lastFunction":4,"lastStatement":4,"seen":{"f:8:16:8:49":0,"s:9:2:9:Infinity":0,"f:12:16:12:43":1,"s:13:2:13:Infinity":1,"f:16:16:16:43":2,"s:17:2:17:Infinity":2,"f:20:16:20:43":3,"s:21:2:21:Infinity":3},"fnNames":{}}}
,"/home/kaik/Documentos/www/tny/tny-backend/src/use-cases/images/add-product-image.ts": {"path":"/home/kaik/Documentos/www/tny/tny-backend/src/use-cases/images/add-product-image.ts","statementMap":{"0":{"start":{"line":18,"column":22},"end":{"line":18,"column":58}},"1":{"start":{"line":24,"column":18},"end":{"line":24,"column":null}},"2":{"start":{"line":25,"column":4},"end":{"line":27,"column":null}},"3":{"start":{"line":26,"column":6},"end":{"line":26,"column":null}},"4":{"start":{"line":29,"column":4},"end":{"line":29,"column":null}}},"fnMap":{"0":{"name":"constructor","decl":{"start":{"line":18,"column":2},"end":{"line":18,"column":14}},"loc":{"start":{"line":18,"column":58},"end":{"line":18,"column":null}},"line":18},"1":{"name":"execute","decl":{"start":{"line":20,"column":8},"end":{"line":20,"column":16}},"loc":{"start":{"line":23,"column":77},"end":{"line":30,"column":null}},"line":23}},"branchMap":{"0":{"loc":{"start":{"line":25,"column":4},"end":{"line":27,"column":null}},"type":"if","locations":[{"start":{"line":25,"column":4},"end":{"line":27,"column":null}},{"start":{},"end":{}}],"line":25}},"s":{"0":6,"1":6,"2":6,"3":3,"4":3},"f":{"0":6,"1":6},"b":{"0":[3,3]},"meta":{"lastBranch":1,"lastFunction":2,"lastStatement":5,"seen":{"f:18:2:18:14":0,"s:18:22:18:58":0,"f:20:8:20:16":1,"s:24:18:24:Infinity":1,"b:25:4:27:Infinity:undefined:undefined:undefined:undefined":0,"s:25:4:27:Infinity":2,"s:26:6:26:Infinity":3,"s:29:4:29:Infinity":4},"fnNames":{}}}
,"/home/kaik/Documentos/www/tny/tny-backend/src/use-cases/images/delete-image.ts": {"path":"/home/kaik/Documentos/www/tny/tny-backend/src/use-cases/images/delete-image.ts","statementMap":{"0":{"start":{"line":9,"column":22},"end":{"line":9,"column":58}},"1":{"start":{"line":12,"column":20},"end":{"line":12,"column":null}},"2":{"start":{"line":13,"column":4},"end":{"line":15,"column":null}},"3":{"start":{"line":14,"column":6},"end":{"line":14,"column":null}}},"fnMap":{"0":{"name":"constructor","decl":{"start":{"line":9,"column":2},"end":{"line":9,"column":14}},"loc":{"start":{"line":9,"column":58},"end":{"line":9,"column":null}},"line":9},"1":{"name":"execute","decl":{"start":{"line":11,"column":8},"end":{"line":11,"column":16}},"loc":{"start":{"line":11,"column":66},"end":{"line":16,"column":null}},"line":11}},"branchMap":{"0":{"loc":{"start":{"line":13,"column":4},"end":{"line":15,"column":null}},"type":"if","locations":[{"start":{"line":13,"column":4},"end":{"line":15,"column":null}},{"start":{},"end":{}}],"line":13}},"s":{"0":4,"1":4,"2":4,"3":2},"f":{"0":4,"1":4},"b":{"0":[2,2]},"meta":{"lastBranch":1,"lastFunction":2,"lastStatement":4,"seen":{"f:9:2:9:14":0,"s:9:22:9:58":0,"f:11:8:11:16":1,"s:12:20:12:Infinity":1,"b:13:4:15:Infinity:undefined:undefined:undefined:undefined":0,"s:13:4:15:Infinity":2,"s:14:6:14:Infinity":3},"fnNames":{}}}
,"/home/kaik/Documentos/www/tny/tny-backend/src/use-cases/images/update-image.ts": {"path":"/home/kaik/Documentos/www/tny/tny-backend/src/use-cases/images/update-image.ts","statementMap":{"0":{"start":{"line":17,"column":22},"end":{"line":17,"column":58}},"1":{"start":{"line":23,"column":18},"end":{"line":23,"column":null}},"2":{"start":{"line":24,"column":4},"end":{"line":26,"column":null}},"3":{"start":{"line":25,"column":6},"end":{"line":25,"column":null}},"4":{"start":{"line":28,"column":4},"end":{"line":28,"column":null}}},"fnMap":{"0":{"name":"constructor","decl":{"start":{"line":17,"column":2},"end":{"line":17,"column":14}},"loc":{"start":{"line":17,"column":58},"end":{"line":17,"column":null}},"line":17},"1":{"name":"execute","decl":{"start":{"line":19,"column":8},"end":{"line":19,"column":16}},"loc":{"start":{"line":22,"column":69},"end":{"line":29,"column":null}},"line":22}},"branchMap":{"0":{"loc":{"start":{"line":24,"column":4},"end":{"line":26,"column":null}},"type":"if","locations":[{"start":{"line":24,"column":4},"end":{"line":26,"column":null}},{"start":{},"end":{}}],"line":24}},"s":{"0":3,"1":3,"2":3,"3":1,"4":2},"f":{"0":3,"1":3},"b":{"0":[1,2]},"meta":{"lastBranch":1,"lastFunction":2,"lastStatement":5,"seen":{"f:17:2:17:14":0,"s:17:22:17:58":0,"f:19:8:19:16":1,"s:23:18:23:Infinity":1,"b:24:4:26:Infinity:undefined:undefined:undefined:undefined":0,"s:24:4:26:Infinity":2,"s:25:6:25:Infinity":3,"s:28:4:28:Infinity":4},"fnNames":{}}}
,"/home/kaik/Documentos/www/tny/tny-backend/src/use-cases/leads/create-lead.ts": {"path":"/home/kaik/Documentos/www/tny/tny-backend/src/use-cases/leads/create-lead.ts","statementMap":{"0":{"start":{"line":16,"column":22},"end":{"line":16,"column":56}},"1":{"start":{"line":21,"column":17},"end":{"line":21,"column":null}},"2":{"start":{"line":22,"column":4},"end":{"line":22,"column":null}}},"fnMap":{"0":{"name":"constructor","decl":{"start":{"line":16,"column":2},"end":{"line":16,"column":14}},"loc":{"start":{"line":16,"column":56},"end":{"line":16,"column":null}},"line":16},"1":{"name":"execute","decl":{"start":{"line":18,"column":8},"end":{"line":18,"column":null}},"loc":{"start":{"line":20,"column":40},"end":{"line":23,"column":null}},"line":20}},"branchMap":{},"s":{"0":5,"1":6,"2":6},"f":{"0":5,"1":6},"b":{},"meta":{"lastBranch":0,"lastFunction":2,"lastStatement":3,"seen":{"f:16:2:16:14":0,"s:16:22:16:56":0,"f:18:8:18:Infinity":1,"s:21:17:21:Infinity":1,"s:22:4:22:Infinity":2},"fnNames":{}}}
,"/home/kaik/Documentos/www/tny/tny-backend/src/use-cases/leads/delete-lead.ts": {"path":"/home/kaik/Documentos/www/tny/tny-backend/src/use-cases/leads/delete-lead.ts","statementMap":{"0":{"start":{"line":9,"column":22},"end":{"line":9,"column":56}},"1":{"start":{"line":12,"column":20},"end":{"line":12,"column":null}},"2":{"start":{"line":13,"column":4},"end":{"line":15,"column":null}},"3":{"start":{"line":14,"column":6},"end":{"line":14,"column":null}}},"fnMap":{"0":{"name":"constructor","decl":{"start":{"line":9,"column":2},"end":{"line":9,"column":14}},"loc":{"start":{"line":9,"column":56},"end":{"line":9,"column":null}},"line":9},"1":{"name":"execute","decl":{"start":{"line":11,"column":8},"end":{"line":11,"column":16}},"loc":{"start":{"line":11,"column":65},"end":{"line":16,"column":null}},"line":11}},"branchMap":{"0":{"loc":{"start":{"line":13,"column":4},"end":{"line":15,"column":null}},"type":"if","locations":[{"start":{"line":13,"column":4},"end":{"line":15,"column":null}},{"start":{},"end":{}}],"line":13}},"s":{"0":4,"1":4,"2":4,"3":2},"f":{"0":4,"1":4},"b":{"0":[2,2]},"meta":{"lastBranch":1,"lastFunction":2,"lastStatement":4,"seen":{"f:9:2:9:14":0,"s:9:22:9:56":0,"f:11:8:11:16":1,"s:12:20:12:Infinity":1,"b:13:4:15:Infinity:undefined:undefined:undefined:undefined":0,"s:13:4:15:Infinity":2,"s:14:6:14:Infinity":3},"fnNames":{}}}
,"/home/kaik/Documentos/www/tny/tny-backend/src/use-cases/leads/list-leads.ts": {"path":"/home/kaik/Documentos/www/tny/tny-backend/src/use-cases/leads/list-leads.ts","statementMap":{"0":{"start":{"line":17,"column":22},"end":{"line":17,"column":56}},"1":{"start":{"line":24,"column":19},"end":{"line":24,"column":null}},"2":{"start":{"line":25,"column":4},"end":{"line":25,"column":null}}},"fnMap":{"0":{"name":"constructor","decl":{"start":{"line":17,"column":2},"end":{"line":17,"column":14}},"loc":{"start":{"line":17,"column":56},"end":{"line":17,"column":null}},"line":17},"1":{"name":"execute","decl":{"start":{"line":19,"column":8},"end":{"line":19,"column":16}},"loc":{"start":{"line":23,"column":65},"end":{"line":26,"column":null}},"line":23}},"branchMap":{"0":{"loc":{"start":{"line":21,"column":4},"end":{"line":21,"column":null}},"type":"default-arg","locations":[{"start":{"line":21,"column":11},"end":{"line":21,"column":null}}],"line":21},"1":{"loc":{"start":{"line":22,"column":4},"end":{"line":22,"column":null}},"type":"default-arg","locations":[{"start":{"line":22,"column":12},"end":{"line":22,"column":null}}],"line":22}},"s":{"0":3,"1":3,"2":3},"f":{"0":3,"1":3},"b":{"0":[3],"1":[3]},"meta":{"lastBranch":2,"lastFunction":2,"lastStatement":3,"seen":{"f:17:2:17:14":0,"s:17:22:17:56":0,"f:19:8:19:16":1,"b:21:11:21:Infinity":0,"b:22:12:22:Infinity":1,"s:24:19:24:Infinity":1,"s:25:4:25:Infinity":2},"fnNames":{}}}
,"/home/kaik/Documentos/www/tny/tny-backend/src/use-cases/orders/create-order.ts": {"path":"/home/kaik/Documentos/www/tny/tny-backend/src/use-cases/orders/create-order.ts","statementMap":{"0":{"start":{"line":29,"column":22},"end":{"line":29,"column":58}},"1":{"start":{"line":35,"column":42},"end":{"line":35,"column":null}},"2":{"start":{"line":37,"column":4},"end":{"line":62,"column":null}},"3":{"start":{"line":38,"column":23},"end":{"line":40,"column":null}},"4":{"start":{"line":41,"column":6},"end":{"line":43,"column":null}},"5":{"start":{"line":42,"column":8},"end":{"line":42,"column":null}},"6":{"start":{"line":46,"column":12},"end":{"line":52,"column":null}},"7":{"start":{"line":54,"column":6},"end":{"line":61,"column":null}},"8":{"start":{"line":64,"column":18},"end":{"line":67,"column":null}},"9":{"start":{"line":65,"column":21},"end":{"line":65,"column":null}},"10":{"start":{"line":69,"column":18},"end":{"line":69,"column":null}},"11":{"start":{"line":71,"column":4},"end":{"line":71,"column":null}}},"fnMap":{"0":{"name":"constructor","decl":{"start":{"line":29,"column":2},"end":{"line":29,"column":14}},"loc":{"start":{"line":29,"column":58},"end":{"line":29,"column":null}},"line":29},"1":{"name":"execute","decl":{"start":{"line":31,"column":8},"end":{"line":31,"column":16}},"loc":{"start":{"line":34,"column":69},"end":{"line":72,"column":null}},"line":34},"2":{"name":"(anonymous_2)","decl":{"start":{"line":64,"column":27},"end":{"line":64,"column":null}},"loc":{"start":{"line":65,"column":21},"end":{"line":65,"column":null}},"line":65}},"branchMap":{"0":{"loc":{"start":{"line":41,"column":6},"end":{"line":43,"column":null}},"type":"if","locations":[{"start":{"line":41,"column":6},"end":{"line":43,"column":null}},{"start":{},"end":{}}],"line":41}},"s":{"0":9,"1":9,"2":9,"3":10,"4":10,"5":2,"6":8,"7":8,"8":7,"9":8,"10":7,"11":7},"f":{"0":9,"1":9,"2":8},"b":{"0":[2,8]},"meta":{"lastBranch":1,"lastFunction":3,"lastStatement":12,"seen":{"f:29:2:29:14":0,"s:29:22:29:58":0,"f:31:8:31:16":1,"s:35:42:35:Infinity":1,"s:37:4:62:Infinity":2,"s:38:23:40:Infinity":3,"b:41:6:43:Infinity:undefined:undefined:undefined:undefined":0,"s:41:6:43:Infinity":4,"s:42:8:42:Infinity":5,"s:46:12:52:Infinity":6,"s:54:6:61:Infinity":7,"s:64:18:67:Infinity":8,"f:64:27:64:Infinity":2,"s:65:21:65:Infinity":9,"s:69:18:69:Infinity":10,"s:71:4:71:Infinity":11},"fnNames":{}}}
,"/home/kaik/Documentos/www/tny/tny-backend/src/use-cases/orders/get-order.ts": {"path":"/home/kaik/Documentos/www/tny/tny-backend/src/use-cases/orders/get-order.ts","statementMap":{"0":{"start":{"line":16,"column":22},"end":{"line":16,"column":58}},"1":{"start":{"line":21,"column":18},"end":{"line":21,"column":null}},"2":{"start":{"line":22,"column":4},"end":{"line":24,"column":null}},"3":{"start":{"line":23,"column":6},"end":{"line":23,"column":null}},"4":{"start":{"line":26,"column":4},"end":{"line":26,"column":null}}},"fnMap":{"0":{"name":"constructor","decl":{"start":{"line":16,"column":2},"end":{"line":16,"column":14}},"loc":{"start":{"line":16,"column":58},"end":{"line":16,"column":null}},"line":16},"1":{"name":"execute","decl":{"start":{"line":18,"column":8},"end":{"line":18,"column":16}},"loc":{"start":{"line":20,"column":63},"end":{"line":27,"column":null}},"line":20}},"branchMap":{"0":{"loc":{"start":{"line":22,"column":4},"end":{"line":24,"column":null}},"type":"if","locations":[{"start":{"line":22,"column":4},"end":{"line":24,"column":null}},{"start":{},"end":{}}],"line":22}},"s":{"0":3,"1":3,"2":3,"3":1,"4":2},"f":{"0":3,"1":3},"b":{"0":[1,2]},"meta":{"lastBranch":1,"lastFunction":2,"lastStatement":5,"seen":{"f:16:2:16:14":0,"s:16:22:16:58":0,"f:18:8:18:16":1,"s:21:18:21:Infinity":1,"b:22:4:24:Infinity:undefined:undefined:undefined:undefined":0,"s:22:4:24:Infinity":2,"s:23:6:23:Infinity":3,"s:26:4:26:Infinity":4},"fnNames":{}}}
,"/home/kaik/Documentos/www/tny/tny-backend/src/use-cases/orders/list-orders.ts": {"path":"/home/kaik/Documentos/www/tny/tny-backend/src/use-cases/orders/list-orders.ts","statementMap":{"0":{"start":{"line":19,"column":22},"end":{"line":19,"column":58}},"1":{"start":{"line":30,"column":26},"end":{"line":32,"column":null}},"2":{"start":{"line":34,"column":19},"end":{"line":40,"column":null}},"3":{"start":{"line":42,"column":4},"end":{"line":42,"column":null}}},"fnMap":{"0":{"name":"constructor","decl":{"start":{"line":19,"column":2},"end":{"line":19,"column":14}},"loc":{"start":{"line":19,"column":58},"end":{"line":19,"column":null}},"line":19},"1":{"name":"execute","decl":{"start":{"line":21,"column":8},"end":{"line":21,"column":16}},"loc":{"start":{"line":27,"column":67},"end":{"line":43,"column":null}},"line":27}},"branchMap":{"0":{"loc":{"start":{"line":25,"column":4},"end":{"line":25,"column":null}},"type":"default-arg","locations":[{"start":{"line":25,"column":11},"end":{"line":25,"column":null}}],"line":25},"1":{"loc":{"start":{"line":26,"column":4},"end":{"line":26,"column":null}},"type":"default-arg","locations":[{"start":{"line":26,"column":12},"end":{"line":26,"column":null}}],"line":26},"2":{"loc":{"start":{"line":30,"column":26},"end":{"line":32,"column":null}},"type":"cond-expr","locations":[{"start":{"line":31,"column":8},"end":{"line":31,"column":null}},{"start":{"line":32,"column":8},"end":{"line":32,"column":null}}],"line":30}},"s":{"0":7,"1":7,"2":7,"3":7},"f":{"0":7,"1":7},"b":{"0":[7],"1":[7],"2":[2,5]},"meta":{"lastBranch":3,"lastFunction":2,"lastStatement":4,"seen":{"f:19:2:19:14":0,"s:19:22:19:58":0,"f:21:8:21:16":1,"b:25:11:25:Infinity":0,"b:26:12:26:Infinity":1,"s:30:26:32:Infinity":1,"b:31:8:31:Infinity:32:8:32:Infinity":2,"s:34:19:40:Infinity":2,"s:42:4:42:Infinity":3},"fnNames":{}}}
,"/home/kaik/Documentos/www/tny/tny-backend/src/use-cases/orders/update-order-status.ts": {"path":"/home/kaik/Documentos/www/tny/tny-backend/src/use-cases/orders/update-order-status.ts","statementMap":{"0":{"start":{"line":17,"column":22},"end":{"line":17,"column":58}},"1":{"start":{"line":23,"column":18},"end":{"line":23,"column":null}},"2":{"start":{"line":24,"column":4},"end":{"line":26,"column":null}},"3":{"start":{"line":25,"column":6},"end":{"line":25,"column":null}},"4":{"start":{"line":28,"column":4},"end":{"line":28,"column":null}}},"fnMap":{"0":{"name":"constructor","decl":{"start":{"line":17,"column":2},"end":{"line":17,"column":14}},"loc":{"start":{"line":17,"column":58},"end":{"line":17,"column":null}},"line":17},"1":{"name":"execute","decl":{"start":{"line":19,"column":8},"end":{"line":19,"column":16}},"loc":{"start":{"line":22,"column":81},"end":{"line":29,"column":null}},"line":22}},"branchMap":{"0":{"loc":{"start":{"line":24,"column":4},"end":{"line":26,"column":null}},"type":"if","locations":[{"start":{"line":24,"column":4},"end":{"line":26,"column":null}},{"start":{},"end":{}}],"line":24}},"s":{"0":3,"1":3,"2":3,"3":1,"4":2},"f":{"0":3,"1":3},"b":{"0":[1,2]},"meta":{"lastBranch":1,"lastFunction":2,"lastStatement":5,"seen":{"f:17:2:17:14":0,"s:17:22:17:58":0,"f:19:8:19:16":1,"s:23:18:23:Infinity":1,"b:24:4:26:Infinity:undefined:undefined:undefined:undefined":0,"s:24:4:26:Infinity":2,"s:25:6:25:Infinity":3,"s:28:4:28:Infinity":4},"fnNames":{}}}
,"/home/kaik/Documentos/www/tny/tny-backend/src/use-cases/products/create-product.ts": {"path":"/home/kaik/Documentos/www/tny/tny-backend/src/use-cases/products/create-product.ts","statementMap":{"0":{"start":{"line":23,"column":22},"end":{"line":23,"column":62}},"1":{"start":{"line":28,"column":21},"end":{"line":28,"column":null}},"2":{"start":{"line":30,"column":4},"end":{"line":32,"column":null}},"3":{"start":{"line":31,"column":6},"end":{"line":31,"column":null}},"4":{"start":{"line":34,"column":4},"end":{"line":36,"column":null}},"5":{"start":{"line":35,"column":6},"end":{"line":35,"column":null}},"6":{"start":{"line":38,"column":20},"end":{"line":38,"column":null}},"7":{"start":{"line":40,"column":4},"end":{"line":40,"column":null}}},"fnMap":{"0":{"name":"constructor","decl":{"start":{"line":23,"column":2},"end":{"line":23,"column":14}},"loc":{"start":{"line":23,"column":62},"end":{"line":23,"column":null}},"line":23},"1":{"name":"execute","decl":{"start":{"line":25,"column":8},"end":{"line":25,"column":null}},"loc":{"start":{"line":27,"column":43},"end":{"line":41,"column":null}},"line":27}},"branchMap":{"0":{"loc":{"start":{"line":30,"column":4},"end":{"line":32,"column":null}},"type":"if","locations":[{"start":{"line":30,"column":4},"end":{"line":32,"column":null}},{"start":{},"end":{}}],"line":30},"1":{"loc":{"start":{"line":34,"column":4},"end":{"line":36,"column":null}},"type":"if","locations":[{"start":{"line":34,"column":4},"end":{"line":36,"column":null}},{"start":{},"end":{}}],"line":34},"2":{"loc":{"start":{"line":34,"column":8},"end":{"line":34,"column":80}},"type":"binary-expr","locations":[{"start":{"line":34,"column":8},"end":{"line":34,"column":42}},{"start":{"line":34,"column":42},"end":{"line":34,"column":80}}],"line":34}},"s":{"0":7,"1":8,"2":8,"3":2,"4":6,"5":2,"6":4,"7":4},"f":{"0":7,"1":8},"b":{"0":[2,6],"1":[2,4],"2":[6,2]},"meta":{"lastBranch":3,"lastFunction":2,"lastStatement":8,"seen":{"f:23:2:23:14":0,"s:23:22:23:62":0,"f:25:8:25:Infinity":1,"s:28:21:28:Infinity":1,"b:30:4:32:Infinity:undefined:undefined:undefined:undefined":0,"s:30:4:32:Infinity":2,"s:31:6:31:Infinity":3,"b:34:4:36:Infinity:undefined:undefined:undefined:undefined":1,"s:34:4:36:Infinity":4,"b:34:8:34:42:34:42:34:80":2,"s:35:6:35:Infinity":5,"s:38:20:38:Infinity":6,"s:40:4:40:Infinity":7},"fnNames":{}}}
,"/home/kaik/Documentos/www/tny/tny-backend/src/use-cases/products/delete-product.ts": {"path":"/home/kaik/Documentos/www/tny/tny-backend/src/use-cases/products/delete-product.ts","statementMap":{"0":{"start":{"line":9,"column":22},"end":{"line":9,"column":62}},"1":{"start":{"line":12,"column":20},"end":{"line":12,"column":null}},"2":{"start":{"line":14,"column":4},"end":{"line":16,"column":null}},"3":{"start":{"line":15,"column":6},"end":{"line":15,"column":null}}},"fnMap":{"0":{"name":"constructor","decl":{"start":{"line":9,"column":2},"end":{"line":9,"column":14}},"loc":{"start":{"line":9,"column":62},"end":{"line":9,"column":null}},"line":9},"1":{"name":"execute","decl":{"start":{"line":11,"column":8},"end":{"line":11,"column":16}},"loc":{"start":{"line":11,"column":68},"end":{"line":17,"column":null}},"line":11}},"branchMap":{"0":{"loc":{"start":{"line":14,"column":4},"end":{"line":16,"column":null}},"type":"if","locations":[{"start":{"line":14,"column":4},"end":{"line":16,"column":null}},{"start":{},"end":{}}],"line":14}},"s":{"0":3,"1":3,"2":3,"3":1},"f":{"0":3,"1":3},"b":{"0":[1,2]},"meta":{"lastBranch":1,"lastFunction":2,"lastStatement":4,"seen":{"f:9:2:9:14":0,"s:9:22:9:62":0,"f:11:8:11:16":1,"s:12:20:12:Infinity":1,"b:14:4:16:Infinity:undefined:undefined:undefined:undefined":0,"s:14:4:16:Infinity":2,"s:15:6:15:Infinity":3},"fnNames":{}}}
,"/home/kaik/Documentos/www/tny/tny-backend/src/use-cases/products/get-product.ts": {"path":"/home/kaik/Documentos/www/tny/tny-backend/src/use-cases/products/get-product.ts","statementMap":{"0":{"start":{"line":17,"column":22},"end":{"line":17,"column":62}},"1":{"start":{"line":23,"column":20},"end":{"line":26,"column":null}},"2":{"start":{"line":28,"column":4},"end":{"line":30,"column":null}},"3":{"start":{"line":29,"column":6},"end":{"line":29,"column":null}},"4":{"start":{"line":32,"column":4},"end":{"line":32,"column":null}}},"fnMap":{"0":{"name":"constructor","decl":{"start":{"line":17,"column":2},"end":{"line":17,"column":14}},"loc":{"start":{"line":17,"column":62},"end":{"line":17,"column":null}},"line":17},"1":{"name":"execute","decl":{"start":{"line":19,"column":8},"end":{"line":19,"column":16}},"loc":{"start":{"line":22,"column":67},"end":{"line":33,"column":null}},"line":22}},"branchMap":{"0":{"loc":{"start":{"line":21,"column":4},"end":{"line":21,"column":null}},"type":"default-arg","locations":[{"start":{"line":21,"column":22},"end":{"line":21,"column":null}}],"line":21},"1":{"loc":{"start":{"line":28,"column":4},"end":{"line":30,"column":null}},"type":"if","locations":[{"start":{"line":28,"column":4},"end":{"line":30,"column":null}},{"start":{},"end":{}}],"line":28}},"s":{"0":8,"1":8,"2":8,"3":3,"4":5},"f":{"0":8,"1":8},"b":{"0":[8],"1":[3,5]},"meta":{"lastBranch":2,"lastFunction":2,"lastStatement":5,"seen":{"f:17:2:17:14":0,"s:17:22:17:62":0,"f:19:8:19:16":1,"b:21:22:21:Infinity":0,"s:23:20:26:Infinity":1,"b:28:4:30:Infinity:undefined:undefined:undefined:undefined":1,"s:28:4:30:Infinity":2,"s:29:6:29:Infinity":3,"s:32:4:32:Infinity":4},"fnNames":{}}}
,"/home/kaik/Documentos/www/tny/tny-backend/src/use-cases/products/get-related-products.ts": {"path":"/home/kaik/Documentos/www/tny/tny-backend/src/use-cases/products/get-related-products.ts","statementMap":{"0":{"start":{"line":17,"column":22},"end":{"line":17,"column":62}},"1":{"start":{"line":23,"column":19},"end":{"line":23,"column":null}},"2":{"start":{"line":25,"column":4},"end":{"line":27,"column":null}},"3":{"start":{"line":26,"column":6},"end":{"line":26,"column":null}},"4":{"start":{"line":29,"column":21},"end":{"line":29,"column":null}},"5":{"start":{"line":31,"column":4},"end":{"line":31,"column":null}}},"fnMap":{"0":{"name":"constructor","decl":{"start":{"line":17,"column":2},"end":{"line":17,"column":14}},"loc":{"start":{"line":17,"column":62},"end":{"line":17,"column":null}},"line":17},"1":{"name":"execute","decl":{"start":{"line":19,"column":8},"end":{"line":19,"column":16}},"loc":{"start":{"line":22,"column":83},"end":{"line":32,"column":null}},"line":22}},"branchMap":{"0":{"loc":{"start":{"line":21,"column":4},"end":{"line":21,"column":null}},"type":"default-arg","locations":[{"start":{"line":21,"column":12},"end":{"line":21,"column":null}}],"line":21},"1":{"loc":{"start":{"line":25,"column":4},"end":{"line":27,"column":null}},"type":"if","locations":[{"start":{"line":25,"column":4},"end":{"line":27,"column":null}},{"start":{},"end":{}}],"line":25}},"s":{"0":3,"1":3,"2":3,"3":1,"4":2,"5":2},"f":{"0":3,"1":3},"b":{"0":[3],"1":[1,2]},"meta":{"lastBranch":2,"lastFunction":2,"lastStatement":6,"seen":{"f:17:2:17:14":0,"s:17:22:17:62":0,"f:19:8:19:16":1,"b:21:12:21:Infinity":0,"s:23:19:23:Infinity":1,"b:25:4:27:Infinity:undefined:undefined:undefined:undefined":1,"s:25:4:27:Infinity":2,"s:26:6:26:Infinity":3,"s:29:21:29:Infinity":4,"s:31:4:31:Infinity":5},"fnNames":{}}}
,"/home/kaik/Documentos/www/tny/tny-backend/src/use-cases/products/list-products.ts": {"path":"/home/kaik/Documentos/www/tny/tny-backend/src/use-cases/products/list-products.ts","statementMap":{"0":{"start":{"line":19,"column":22},"end":{"line":19,"column":62}},"1":{"start":{"line":28,"column":19},"end":{"line":34,"column":null}},"2":{"start":{"line":36,"column":4},"end":{"line":36,"column":null}}},"fnMap":{"0":{"name":"constructor","decl":{"start":{"line":19,"column":2},"end":{"line":19,"column":14}},"loc":{"start":{"line":19,"column":62},"end":{"line":19,"column":null}},"line":19},"1":{"name":"execute","decl":{"start":{"line":21,"column":8},"end":{"line":21,"column":16}},"loc":{"start":{"line":27,"column":71},"end":{"line":37,"column":null}},"line":27}},"branchMap":{"0":{"loc":{"start":{"line":25,"column":4},"end":{"line":25,"column":null}},"type":"default-arg","locations":[{"start":{"line":25,"column":11},"end":{"line":25,"column":null}}],"line":25},"1":{"loc":{"start":{"line":26,"column":4},"end":{"line":26,"column":null}},"type":"default-arg","locations":[{"start":{"line":26,"column":12},"end":{"line":26,"column":null}}],"line":26}},"s":{"0":6,"1":6,"2":6},"f":{"0":6,"1":6},"b":{"0":[6],"1":[6]},"meta":{"lastBranch":2,"lastFunction":2,"lastStatement":3,"seen":{"f:19:2:19:14":0,"s:19:22:19:62":0,"f:21:8:21:16":1,"b:25:11:25:Infinity":0,"b:26:12:26:Infinity":1,"s:28:19:34:Infinity":1,"s:36:4:36:Infinity":2},"fnNames":{}}}
,"/home/kaik/Documentos/www/tny/tny-backend/src/use-cases/products/set-product-categories.ts": {"path":"/home/kaik/Documentos/www/tny/tny-backend/src/use-cases/products/set-product-categories.ts","statementMap":{"0":{"start":{"line":15,"column":22},"end":{"line":15,"column":62}},"1":{"start":{"line":21,"column":23},"end":{"line":24,"column":null}},"2":{"start":{"line":26,"column":4},"end":{"line":28,"column":null}},"3":{"start":{"line":27,"column":6},"end":{"line":27,"column":null}},"4":{"start":{"line":30,"column":4},"end":{"line":30,"column":null}}},"fnMap":{"0":{"name":"constructor","decl":{"start":{"line":15,"column":2},"end":{"line":15,"column":14}},"loc":{"start":{"line":15,"column":62},"end":{"line":15,"column":null}},"line":15},"1":{"name":"execute","decl":{"start":{"line":17,"column":8},"end":{"line":17,"column":16}},"loc":{"start":{"line":20,"column":87},"end":{"line":31,"column":null}},"line":20}},"branchMap":{"0":{"loc":{"start":{"line":26,"column":4},"end":{"line":28,"column":null}},"type":"if","locations":[{"start":{"line":26,"column":4},"end":{"line":28,"column":null}},{"start":{},"end":{}}],"line":26}},"s":{"0":3,"1":3,"2":3,"3":1,"4":2},"f":{"0":3,"1":3},"b":{"0":[1,2]},"meta":{"lastBranch":1,"lastFunction":2,"lastStatement":5,"seen":{"f:15:2:15:14":0,"s:15:22:15:62":0,"f:17:8:17:16":1,"s:21:23:24:Infinity":1,"b:26:4:28:Infinity:undefined:undefined:undefined:undefined":0,"s:26:4:28:Infinity":2,"s:27:6:27:Infinity":3,"s:30:4:30:Infinity":4},"fnNames":{}}}
,"/home/kaik/Documentos/www/tny/tny-backend/src/use-cases/products/update-product.ts": {"path":"/home/kaik/Documentos/www/tny/tny-backend/src/use-cases/products/update-product.ts","statementMap":{"0":{"start":{"line":25,"column":22},"end":{"line":25,"column":62}},"1":{"start":{"line":31,"column":4},"end":{"line":36,"column":null}},"2":{"start":{"line":32,"column":23},"end":{"line":32,"column":null}},"3":{"start":{"line":33,"column":6},"end":{"line":35,"column":null}},"4":{"start":{"line":34,"column":8},"end":{"line":34,"column":null}},"5":{"start":{"line":38,"column":20},"end":{"line":38,"column":null}},"6":{"start":{"line":39,"column":4},"end":{"line":41,"column":null}},"7":{"start":{"line":40,"column":6},"end":{"line":40,"column":null}},"8":{"start":{"line":45,"column":27},"end":{"line":45,"column":null}},"9":{"start":{"line":47,"column":6},"end":{"line":49,"column":null}},"10":{"start":{"line":50,"column":4},"end":{"line":55,"column":null}},"11":{"start":{"line":54,"column":6},"end":{"line":54,"column":null}},"12":{"start":{"line":57,"column":20},"end":{"line":57,"column":null}},"13":{"start":{"line":59,"column":4},"end":{"line":61,"column":null}},"14":{"start":{"line":60,"column":6},"end":{"line":60,"column":null}},"15":{"start":{"line":63,"column":4},"end":{"line":63,"column":null}}},"fnMap":{"0":{"name":"constructor","decl":{"start":{"line":25,"column":2},"end":{"line":25,"column":14}},"loc":{"start":{"line":25,"column":62},"end":{"line":25,"column":null}},"line":25},"1":{"name":"execute","decl":{"start":{"line":27,"column":8},"end":{"line":27,"column":16}},"loc":{"start":{"line":30,"column":73},"end":{"line":64,"column":null}},"line":30}},"branchMap":{"0":{"loc":{"start":{"line":31,"column":4},"end":{"line":36,"column":null}},"type":"if","locations":[{"start":{"line":31,"column":4},"end":{"line":36,"column":null}},{"start":{},"end":{}}],"line":31},"1":{"loc":{"start":{"line":33,"column":6},"end":{"line":35,"column":null}},"type":"if","locations":[{"start":{"line":33,"column":6},"end":{"line":35,"column":null}},{"start":{},"end":{}}],"line":33},"2":{"loc":{"start":{"line":33,"column":10},"end":{"line":33,"column":42}},"type":"binary-expr","locations":[{"start":{"line":33,"column":10},"end":{"line":33,"column":22}},{"start":{"line":33,"column":22},"end":{"line":33,"column":42}}],"line":33},"3":{"loc":{"start":{"line":39,"column":4},"end":{"line":41,"column":null}},"type":"if","locations":[{"start":{"line":39,"column":4},"end":{"line":41,"column":null}},{"start":{},"end":{}}],"line":39},"4":{"loc":{"start":{"line":45,"column":27},"end":{"line":45,"column":null}},"type":"binary-expr","locations":[{"start":{"line":45,"column":27},"end":{"line":45,"column":41}},{"start":{"line":45,"column":41},"end":{"line":45,"column":null}}],"line":45},"5":{"loc":{"start":{"line":47,"column":6},"end":{"line":49,"column":null}},"type":"cond-expr","locations":[{"start":{"line":48,"column":10},"end":{"line":48,"column":null}},{"start":{"line":49,"column":10},"end":{"line":49,"column":null}}],"line":47},"6":{"loc":{"start":{"line":50,"column":4},"end":{"line":55,"column":null}},"type":"if","locations":[{"start":{"line":50,"column":4},"end":{"line":55,"column":null}},{"start":{},"end":{}}],"line":50},"7":{"loc":{"start":{"line":51,"column":6},"end":{"line":52,"column":null}},"type":"binary-expr","locations":[{"start":{"line":51,"column":6},"end":{"line":51,"column":null}},{"start":{"line":52,"column":6},"end":{"line":52,"column":null}}],"line":51},"8":{"loc":{"start":{"line":59,"column":4},"end":{"line":61,"column":null}},"type":"if","locations":[{"start":{"line":59,"column":4},"end":{"line":61,"column":null}},{"start":{},"end":{}}],"line":59}},"s":{"0":8,"1":8,"2":2,"3":2,"4":1,"5":7,"6":7,"7":2,"8":5,"9":8,"10":8,"11":1,"12":4,"13":4,"14":0,"15":4},"f":{"0":8,"1":8},"b":{"0":[2,6],"1":[1,1],"2":[2,2],"3":[2,5],"4":[5,4],"5":[4,1],"6":[1,7],"7":[8,4],"8":[0,4]},"meta":{"lastBranch":9,"lastFunction":2,"lastStatement":16,"seen":{"f:25:2:25:14":0,"s:25:22:25:62":0,"f:27:8:27:16":1,"b:31:4:36:Infinity:undefined:undefined:undefined:undefined":0,"s:31:4:36:Infinity":1,"s:32:23:32:Infinity":2,"b:33:6:35:Infinity:undefined:undefined:undefined:undefined":1,"s:33:6:35:Infinity":3,"b:33:10:33:22:33:22:33:42":2,"s:34:8:34:Infinity":4,"s:38:20:38:Infinity":5,"b:39:4:41:Infinity:undefined:undefined:undefined:undefined":3,"s:39:4:41:Infinity":6,"s:40:6:40:Infinity":7,"s:45:27:45:Infinity":8,"b:45:27:45:41:45:41:45:Infinity":4,"s:47:6:49:Infinity":9,"b:48:10:48:Infinity:49:10:49:Infinity":5,"b:50:4:55:Infinity:undefined:undefined:undefined:undefined":6,"s:50:4:55:Infinity":10,"b:51:6:51:Infinity:52:6:52:Infinity":7,"s:54:6:54:Infinity":11,"s:57:20:57:Infinity":12,"b:59:4:61:Infinity:undefined:undefined:undefined:undefined":8,"s:59:4:61:Infinity":13,"s:60:6:60:Infinity":14,"s:63:4:63:Infinity":15},"fnNames":{}}}
,"/home/kaik/Documentos/www/tny/tny-backend/src/use-cases/variants/create-variant.ts": {"path":"/home/kaik/Documentos/www/tny/tny-backend/src/use-cases/variants/create-variant.ts","statementMap":{"0":{"start":{"line":20,"column":22},"end":{"line":20,"column":62}},"1":{"start":{"line":26,"column":21},"end":{"line":26,"column":null}},"2":{"start":{"line":27,"column":4},"end":{"line":29,"column":null}},"3":{"start":{"line":28,"column":6},"end":{"line":28,"column":null}},"4":{"start":{"line":31,"column":20},"end":{"line":31,"column":null}},"5":{"start":{"line":32,"column":4},"end":{"line":34,"column":null}},"6":{"start":{"line":33,"column":6},"end":{"line":33,"column":null}},"7":{"start":{"line":36,"column":4},"end":{"line":36,"column":null}}},"fnMap":{"0":{"name":"constructor","decl":{"start":{"line":20,"column":2},"end":{"line":20,"column":14}},"loc":{"start":{"line":20,"column":62},"end":{"line":20,"column":null}},"line":20},"1":{"name":"execute","decl":{"start":{"line":22,"column":8},"end":{"line":22,"column":16}},"loc":{"start":{"line":25,"column":73},"end":{"line":37,"column":null}},"line":25}},"branchMap":{"0":{"loc":{"start":{"line":27,"column":4},"end":{"line":29,"column":null}},"type":"if","locations":[{"start":{"line":27,"column":4},"end":{"line":29,"column":null}},{"start":{},"end":{}}],"line":27},"1":{"loc":{"start":{"line":32,"column":4},"end":{"line":34,"column":null}},"type":"if","locations":[{"start":{"line":32,"column":4},"end":{"line":34,"column":null}},{"start":{},"end":{}}],"line":32}},"s":{"0":7,"1":8,"2":8,"3":2,"4":6,"5":6,"6":2,"7":4},"f":{"0":7,"1":8},"b":{"0":[2,6],"1":[2,4]},"meta":{"lastBranch":2,"lastFunction":2,"lastStatement":8,"seen":{"f:20:2:20:14":0,"s:20:22:20:62":0,"f:22:8:22:16":1,"s:26:21:26:Infinity":1,"b:27:4:29:Infinity:undefined:undefined:undefined:undefined":0,"s:27:4:29:Infinity":2,"s:28:6:28:Infinity":3,"s:31:20:31:Infinity":4,"b:32:4:34:Infinity:undefined:undefined:undefined:undefined":1,"s:32:4:34:Infinity":5,"s:33:6:33:Infinity":6,"s:36:4:36:Infinity":7},"fnNames":{}}}
,"/home/kaik/Documentos/www/tny/tny-backend/src/use-cases/variants/delete-variant.ts": {"path":"/home/kaik/Documentos/www/tny/tny-backend/src/use-cases/variants/delete-variant.ts","statementMap":{"0":{"start":{"line":9,"column":22},"end":{"line":9,"column":62}},"1":{"start":{"line":12,"column":20},"end":{"line":12,"column":null}},"2":{"start":{"line":13,"column":4},"end":{"line":15,"column":null}},"3":{"start":{"line":14,"column":6},"end":{"line":14,"column":null}}},"fnMap":{"0":{"name":"constructor","decl":{"start":{"line":9,"column":2},"end":{"line":9,"column":14}},"loc":{"start":{"line":9,"column":62},"end":{"line":9,"column":null}},"line":9},"1":{"name":"execute","decl":{"start":{"line":11,"column":8},"end":{"line":11,"column":16}},"loc":{"start":{"line":11,"column":68},"end":{"line":16,"column":null}},"line":11}},"branchMap":{"0":{"loc":{"start":{"line":13,"column":4},"end":{"line":15,"column":null}},"type":"if","locations":[{"start":{"line":13,"column":4},"end":{"line":15,"column":null}},{"start":{},"end":{}}],"line":13}},"s":{"0":4,"1":4,"2":4,"3":2},"f":{"0":4,"1":4},"b":{"0":[2,2]},"meta":{"lastBranch":1,"lastFunction":2,"lastStatement":4,"seen":{"f:9:2:9:14":0,"s:9:22:9:62":0,"f:11:8:11:16":1,"s:12:20:12:Infinity":1,"b:13:4:15:Infinity:undefined:undefined:undefined:undefined":0,"s:13:4:15:Infinity":2,"s:14:6:14:Infinity":3},"fnNames":{}}}
,"/home/kaik/Documentos/www/tny/tny-backend/src/use-cases/variants/list-product-variants.ts": {"path":"/home/kaik/Documentos/www/tny/tny-backend/src/use-cases/variants/list-product-variants.ts","statementMap":{"0":{"start":{"line":13,"column":22},"end":{"line":13,"column":62}},"1":{"start":{"line":18,"column":21},"end":{"line":18,"column":null}},"2":{"start":{"line":19,"column":4},"end":{"line":19,"column":null}}},"fnMap":{"0":{"name":"constructor","decl":{"start":{"line":13,"column":2},"end":{"line":13,"column":14}},"loc":{"start":{"line":13,"column":62},"end":{"line":13,"column":null}},"line":13},"1":{"name":"execute","decl":{"start":{"line":15,"column":8},"end":{"line":15,"column":16}},"loc":{"start":{"line":17,"column":85},"end":{"line":20,"column":null}},"line":17}},"branchMap":{},"s":{"0":3,"1":3,"2":3},"f":{"0":3,"1":3},"b":{},"meta":{"lastBranch":0,"lastFunction":2,"lastStatement":3,"seen":{"f:13:2:13:14":0,"s:13:22:13:62":0,"f:15:8:15:16":1,"s:18:21:18:Infinity":1,"s:19:4:19:Infinity":2},"fnNames":{}}}
,"/home/kaik/Documentos/www/tny/tny-backend/src/use-cases/variants/update-variant.ts": {"path":"/home/kaik/Documentos/www/tny/tny-backend/src/use-cases/variants/update-variant.ts","statementMap":{"0":{"start":{"line":20,"column":22},"end":{"line":20,"column":62}},"1":{"start":{"line":26,"column":4},"end":{"line":33,"column":null}},"2":{"start":{"line":27,"column":23},"end":{"line":29,"column":null}},"3":{"start":{"line":30,"column":6},"end":{"line":32,"column":null}},"4":{"start":{"line":31,"column":8},"end":{"line":31,"column":null}},"5":{"start":{"line":35,"column":20},"end":{"line":35,"column":null}},"6":{"start":{"line":36,"column":4},"end":{"line":38,"column":null}},"7":{"start":{"line":37,"column":6},"end":{"line":37,"column":null}},"8":{"start":{"line":40,"column":4},"end":{"line":40,"column":null}}},"fnMap":{"0":{"name":"constructor","decl":{"start":{"line":20,"column":2},"end":{"line":20,"column":14}},"loc":{"start":{"line":20,"column":62},"end":{"line":20,"column":null}},"line":20},"1":{"name":"execute","decl":{"start":{"line":22,"column":8},"end":{"line":22,"column":16}},"loc":{"start":{"line":25,"column":73},"end":{"line":41,"column":null}},"line":25}},"branchMap":{"0":{"loc":{"start":{"line":26,"column":4},"end":{"line":33,"column":null}},"type":"if","locations":[{"start":{"line":26,"column":4},"end":{"line":33,"column":null}},{"start":{},"end":{}}],"line":26},"1":{"loc":{"start":{"line":30,"column":6},"end":{"line":32,"column":null}},"type":"if","locations":[{"start":{"line":30,"column":6},"end":{"line":32,"column":null}},{"start":{},"end":{}}],"line":30},"2":{"loc":{"start":{"line":30,"column":10},"end":{"line":30,"column":42}},"type":"binary-expr","locations":[{"start":{"line":30,"column":10},"end":{"line":30,"column":22}},{"start":{"line":30,"column":22},"end":{"line":30,"column":42}}],"line":30},"3":{"loc":{"start":{"line":36,"column":4},"end":{"line":38,"column":null}},"type":"if","locations":[{"start":{"line":36,"column":4},"end":{"line":38,"column":null}},{"start":{},"end":{}}],"line":36}},"s":{"0":6,"1":6,"2":3,"3":3,"4":1,"5":5,"6":5,"7":1,"8":4},"f":{"0":6,"1":6},"b":{"0":[3,3],"1":[1,2],"2":[3,2],"3":[1,4]},"meta":{"lastBranch":4,"lastFunction":2,"lastStatement":9,"seen":{"f:20:2:20:14":0,"s:20:22:20:62":0,"f:22:8:22:16":1,"b:26:4:33:Infinity:undefined:undefined:undefined:undefined":0,"s:26:4:33:Infinity":1,"s:27:23:29:Infinity":2,"b:30:6:32:Infinity:undefined:undefined:undefined:undefined":1,"s:30:6:32:Infinity":3,"b:30:10:30:22:30:22:30:42":2,"s:31:8:31:Infinity":4,"s:35:20:35:Infinity":5,"b:36:4:38:Infinity:undefined:undefined:undefined:undefined":3,"s:36:4:38:Infinity":6,"s:37:6:37:Infinity":7,"s:40:4:40:Infinity":8},"fnNames":{}}}
}
